Log file open, 01/02/18 10:27:03
LogWindows: Failed to load 'aqProf.dll' (GetLastError=126)
LogWindows: File 'aqProf.dll' does not exist
LogWindows: Failed to load 'VSPerf140.dll' (GetLastError=126)
LogWindows: File 'VSPerf140.dll' does not exist
LogWindows: Failed to load 'VtuneApi.dll' (GetLastError=126)
LogWindows: File 'VtuneApi.dll' does not exist
LogWindows: Failed to load 'VtuneApi32e.dll' (GetLastError=126)
LogWindows: File 'VtuneApi32e.dll' does not exist
LogInit: Display: Running engine for game: Game
LogPlatformFile: Not using cached read wrapper
LogInit: Display: RandInit(-1667745157) SRandInit(-1667745157).
LogInit: Read version file with build ID '3709383'
LogInit: Overriding engine version to CL 3794801, compatible CL 3709383
LogInit: Registered custom module enumerator with build ID '3709383'
LogTaskGraph: Started task graph with 5 named threads and 14 total threads with 3 sets of task threads.
LogStats: Stats thread started at 0.185715
LogD3D11RHI: Aftermath initialized
LogPluginManager: Mounting plugin Paper2D
LogPluginManager: Mounting plugin LightPropagationVolume
LogPluginManager: Mounting plugin CodeLiteSourceCodeAccess
LogPluginManager: Mounting plugin GitSourceControl
LogPluginManager: Mounting plugin KDevelopSourceCodeAccess
LogPluginManager: Mounting plugin NullSourceCodeAccess
LogPluginManager: Mounting plugin PerforceSourceControl
LogPluginManager: Mounting plugin SubversionSourceControl
LogPluginManager: Mounting plugin UObjectPlugin
LogPluginManager: Mounting plugin VisualStudioCodeSourceCodeAccess
LogPluginManager: Mounting plugin VisualStudioSourceCodeAccess
LogPluginManager: Mounting plugin XCodeSourceCodeAccess
LogPluginManager: Mounting plugin AssetManagerEditor
LogPluginManager: Mounting plugin AudioCapture
LogPluginManager: Mounting plugin FacialAnimation
LogPluginManager: Mounting plugin GameplayTagsEditor
LogPluginManager: Mounting plugin MobileLauncherProfileWizard
LogPluginManager: Mounting plugin PluginBrowser
LogPluginManager: Mounting plugin SpeedTreeImporter
LogPluginManager: Mounting plugin AlembicImporter
LogPluginManager: Mounting plugin CharacterAI
LogPluginManager: Mounting plugin HTML5Networking
LogPluginManager: Mounting plugin AndroidMedia
LogPluginManager: Mounting plugin AvfMedia
LogPluginManager: Mounting plugin ImgMedia
LogPluginManager: Mounting plugin MediaCompositing
LogPluginManager: Mounting plugin MediaPlayerEditor
LogPluginManager: Mounting plugin WmfMedia
LogPluginManager: Mounting plugin TcpMessaging
LogPluginManager: Mounting plugin UdpMessaging
LogPluginManager: Mounting plugin ActorSequence
LogPluginManager: Mounting plugin LevelSequenceEditor
LogPluginManager: Mounting plugin MatineeToLevelSequence
LogPluginManager: Mounting plugin OnlineSubsystemGooglePlay
LogPluginManager: Mounting plugin OnlineSubsystemIOS
LogPluginManager: Mounting plugin OnlineSubsystem
LogPluginManager: Mounting plugin OnlineSubsystemNull
LogPluginManager: Mounting plugin OnlineSubsystemUtils
LogPluginManager: Mounting plugin AndroidDeviceProfileSelector
LogPluginManager: Mounting plugin AndroidMoviePlayer
LogPluginManager: Mounting plugin AndroidPermission
LogPluginManager: Mounting plugin AppleARKit
LogPluginManager: Mounting plugin AppleMoviePlayer
LogPluginManager: Mounting plugin ArchVisCharacter
LogPluginManager: Mounting plugin CableComponent
LogPluginManager: Mounting plugin CustomMeshComponent
LogPluginManager: Mounting plugin ExampleDeviceProfileSelector
LogPluginManager: Mounting plugin GoogleCloudMessaging
LogPluginManager: Mounting plugin ImmediatePhysics
LogPluginManager: Mounting plugin IOSDeviceProfileSelector
LogPluginManager: Mounting plugin LinuxDeviceProfileSelector
LogPluginManager: Mounting plugin LocationServicesBPLibrary
LogPluginManager: Mounting plugin MobilePatchingUtils
LogPluginManager: Mounting plugin OculusVR
LogPluginManager: Plugin shader directory ../../../Engine/Plugins/Runtime/Oculus/OculusVR/Shaders found
LogPluginManager: Mapping shader source directory ../../../Engine/Plugins/Runtime/Oculus/OculusVR/Shaders to virtual directory /Plugin/OculusVR
LogPluginManager: Mounting plugin PhysXVehicles
LogPluginManager: Mounting plugin ProceduralMeshComponent
LogPluginManager: Mounting plugin RuntimePhysXCooking
LogPluginManager: Mounting plugin SteamVR
LogPluginManager: Mounting plugin WindowsMoviePlayer
LogModuleManager: Warning: Module file E:/UE4Project/Game/Binaries/Win64/UE4Editor-Game-9445.dll is missing. This is likely a stale module that must be recompiled.
LogModuleManager: Display: Found up-to-date module file ../../../Engine/Plugins/2D/Paper2D/Binaries/Win64/UE4Editor-Paper2D.dll (API version 3709383).
LogModuleManager: Display: Found up-to-date module file ../../../Engine/Plugins/2D/Paper2D/Binaries/Win64/UE4Editor-Paper2DEditor.dll (API version 3709383).
LogModuleManager: Display: Found up-to-date module file ../../../Engine/Plugins/2D/Paper2D/Binaries/Win64/UE4Editor-PaperSpriteSheetImporter.dll (API version 3709383).
LogModuleManager: Display: Found up-to-date module file ../../../Engine/Plugins/2D/Paper2D/Binaries/Win64/UE4Editor-PaperTiledImporter.dll (API version 3709383).
LogModuleManager: Display: Found up-to-date module file ../../../Engine/Plugins/2D/Paper2D/Binaries/Win64/UE4Editor-SmartSnapping.dll (API version 3709383).
LogModuleManager: Display: Found up-to-date module file ../../../Engine/Plugins/Blendables/LightPropagationVolume/Binaries/Win64/UE4Editor-LightPropagationVolumeRuntime.dll (API version 3709383).
LogModuleManager: Display: Found up-to-date module file ../../../Engine/Plugins/Blendables/LightPropagationVolume/Binaries/Win64/UE4Editor-LightPropagationVolumeEditor.dll (API version 3709383).
LogModuleManager: Display: Found up-to-date module file ../../../Engine/Plugins/Developer/GitSourceControl/Binaries/Win64/UE4Editor-GitSourceControl.dll (API version 3709383).
LogModuleManager: Display: Found up-to-date module file ../../../Engine/Plugins/Developer/PerforceSourceControl/Binaries/Win64/UE4Editor-PerforceSourceControl.dll (API version 3709383).
LogModuleManager: Display: Found up-to-date module file ../../../Engine/Plugins/Developer/SubversionSourceControl/Binaries/Win64/UE4Editor-SubversionSourceControl.dll (API version 3709383).
LogModuleManager: Display: Found up-to-date module file ../../../Engine/Plugins/Developer/UObjectPlugin/Binaries/Win64/UE4Editor-UObjectPlugin.dll (API version 3709383).
LogModuleManager: Display: Found up-to-date module file ../../../Engine/Plugins/Developer/VisualStudioCodeSourceCodeAccess/Binaries/Win64/UE4Editor-VisualStudioCodeSourceCodeAccess.dll (API version 3709383).
LogModuleManager: Display: Found up-to-date module file ../../../Engine/Plugins/Developer/VisualStudioSourceCodeAccess/Binaries/Win64/UE4Editor-VisualStudioSourceCodeAccess.dll (API version 3709383).
LogModuleManager: Display: Found up-to-date module file ../../../Engine/Plugins/Editor/AssetManagerEditor/Binaries/Win64/UE4Editor-AssetManagerEditor.dll (API version 3709383).
LogModuleManager: Display: Found up-to-date module file ../../../Engine/Plugins/Editor/AudioCapture/Binaries/Win64/UE4Editor-AudioCapture.dll (API version 3709383).
LogModuleManager: Display: Found up-to-date module file ../../../Engine/Plugins/Editor/FacialAnimation/Binaries/Win64/UE4Editor-FacialAnimation.dll (API version 3709383).
LogModuleManager: Display: Found up-to-date module file ../../../Engine/Plugins/Editor/FacialAnimation/Binaries/Win64/UE4Editor-FacialAnimationEditor.dll (API version 3709383).
LogModuleManager: Display: Found up-to-date module file ../../../Engine/Plugins/Editor/GameplayTagsEditor/Binaries/Win64/UE4Editor-GameplayTagsEditor.dll (API version 3709383).
LogModuleManager: Display: Found up-to-date module file ../../../Engine/Plugins/Editor/MobileLauncherProfileWizard/Binaries/Win64/UE4Editor-MobileLauncherProfileWizard.dll (API version 3709383).
LogModuleManager: Display: Found up-to-date module file ../../../Engine/Plugins/Editor/PluginBrowser/Binaries/Win64/UE4Editor-PluginBrowser.dll (API version 3709383).
LogModuleManager: Display: Found up-to-date module file ../../../Engine/Plugins/Editor/SpeedTreeImporter/Binaries/Win64/UE4Editor-SpeedTreeImporter.dll (API version 3709383).
LogModuleManager: Display: Found up-to-date module file ../../../Engine/Plugins/Experimental/AlembicImporter/Binaries/Win64/UE4Editor-AlembicImporter.dll (API version 3709383).
LogModuleManager: Display: Found up-to-date module file ../../../Engine/Plugins/Experimental/AlembicImporter/Binaries/Win64/UE4Editor-AlembicLibrary.dll (API version 3709383).
LogModuleManager: Display: Found up-to-date module file ../../../Engine/Plugins/Experimental/CharacterAI/Binaries/Win64/UE4Editor-CharacterAI.dll (API version 3709383).
LogModuleManager: Display: Found up-to-date module file ../../../Engine/Plugins/Experimental/HTML5Networking/Binaries/Win64/UE4Editor-HTML5Networking.dll (API version 3709383).
LogModuleManager: Display: Found up-to-date module file ../../../Engine/Plugins/Media/AndroidMedia/Binaries/Win64/UE4Editor-AndroidMediaEditor.dll (API version 3709383).
LogModuleManager: Display: Found up-to-date module file ../../../Engine/Plugins/Media/AndroidMedia/Binaries/Win64/UE4Editor-AndroidMediaFactory.dll (API version 3709383).
LogModuleManager: Display: Found up-to-date module file ../../../Engine/Plugins/Media/AvfMedia/Binaries/Win64/UE4Editor-AvfMediaEditor.dll (API version 3709383).
LogModuleManager: Display: Found up-to-date module file ../../../Engine/Plugins/Media/AvfMedia/Binaries/Win64/UE4Editor-AvfMediaFactory.dll (API version 3709383).
LogModuleManager: Display: Found up-to-date module file ../../../Engine/Plugins/Media/AvfMedia/Binaries/Win64/UE4Editor-AvfMediaFactory.dll (API version 3709383).
LogModuleManager: Display: Found up-to-date module file ../../../Engine/Plugins/Media/ImgMedia/Binaries/Win64/UE4Editor-ImgMedia.dll (API version 3709383).
LogModuleManager: Display: Found up-to-date module file ../../../Engine/Plugins/Media/ImgMedia/Binaries/Win64/UE4Editor-ImgMediaEditor.dll (API version 3709383).
LogModuleManager: Display: Found up-to-date module file ../../../Engine/Plugins/Media/ImgMedia/Binaries/Win64/UE4Editor-ImgMediaFactory.dll (API version 3709383).
LogModuleManager: Display: Found up-to-date module file ../../../Engine/Plugins/Media/ImgMedia/Binaries/Win64/UE4Editor-ImgMediaFactory.dll (API version 3709383).
LogModuleManager: Display: Found up-to-date module file ../../../Engine/Plugins/Media/ImgMedia/Binaries/Win64/UE4Editor-OpenExrWrapper.dll (API version 3709383).
LogModuleManager: Display: Found up-to-date module file ../../../Engine/Plugins/Media/MediaCompositing/Binaries/Win64/UE4Editor-MediaCompositing.dll (API version 3709383).
LogModuleManager: Display: Found up-to-date module file ../../../Engine/Plugins/Media/MediaCompositing/Binaries/Win64/UE4Editor-MediaCompositingEditor.dll (API version 3709383).
LogModuleManager: Display: Found up-to-date module file ../../../Engine/Plugins/Media/MediaPlayerEditor/Binaries/Win64/UE4Editor-MediaPlayerEditor.dll (API version 3709383).
LogModuleManager: Display: Found up-to-date module file ../../../Engine/Plugins/Media/WmfMedia/Binaries/Win64/UE4Editor-WmfMedia.dll (API version 3709383).
LogModuleManager: Display: Found up-to-date module file ../../../Engine/Plugins/Media/WmfMedia/Binaries/Win64/UE4Editor-WmfMediaEditor.dll (API version 3709383).
LogModuleManager: Display: Found up-to-date module file ../../../Engine/Plugins/Media/WmfMedia/Binaries/Win64/UE4Editor-WmfMediaFactory.dll (API version 3709383).
LogModuleManager: Display: Found up-to-date module file ../../../Engine/Plugins/Media/WmfMedia/Binaries/Win64/UE4Editor-WmfMediaFactory.dll (API version 3709383).
LogModuleManager: Display: Found up-to-date module file ../../../Engine/Plugins/Messaging/TcpMessaging/Binaries/Win64/UE4Editor-TcpMessaging.dll (API version 3709383).
LogModuleManager: Display: Found up-to-date module file ../../../Engine/Plugins/Messaging/UdpMessaging/Binaries/Win64/UE4Editor-UdpMessaging.dll (API version 3709383).
LogModuleManager: Display: Found up-to-date module file ../../../Engine/Plugins/MovieScene/ActorSequence/Binaries/Win64/UE4Editor-ActorSequence.dll (API version 3709383).
LogModuleManager: Display: Found up-to-date module file ../../../Engine/Plugins/MovieScene/LevelSequenceEditor/Binaries/Win64/UE4Editor-LevelSequenceEditor.dll (API version 3709383).
LogModuleManager: Display: Found up-to-date module file ../../../Engine/Plugins/MovieScene/MatineeToLevelSequence/Binaries/Win64/UE4Editor-MatineeToLevelSequence.dll (API version 3709383).
LogModuleManager: Display: Found up-to-date module file ../../../Engine/Plugins/Online/OnlineSubsystem/Binaries/Win64/UE4Editor-OnlineSubsystem.dll (API version 3709383).
LogModuleManager: Display: Found up-to-date module file ../../../Engine/Plugins/Online/OnlineSubsystemNull/Binaries/Win64/UE4Editor-OnlineSubsystemNull.dll (API version 3709383).
LogModuleManager: Display: Found up-to-date module file ../../../Engine/Plugins/Online/OnlineSubsystemUtils/Binaries/Win64/UE4Editor-OnlineSubsystemUtils.dll (API version 3709383).
LogModuleManager: Display: Found up-to-date module file ../../../Engine/Plugins/Online/OnlineSubsystemUtils/Binaries/Win64/UE4Editor-OnlineBlueprintSupport.dll (API version 3709383).
LogModuleManager: Display: Found up-to-date module file ../../../Engine/Plugins/Runtime/AndroidDeviceProfileSelector/Binaries/Win64/UE4Editor-AndroidDeviceProfileSelector.dll (API version 3709383).
LogModuleManager: Display: Found up-to-date module file ../../../Engine/Plugins/Runtime/AndroidPermission/Binaries/Win64/UE4Editor-AndroidPermission.dll (API version 3709383).
LogModuleManager: Display: Found up-to-date module file ../../../Engine/Plugins/Runtime/AppleARKit/Binaries/Win64/UE4Editor-AppleARKit.dll (API version 3709383).
LogModuleManager: Display: Found up-to-date module file ../../../Engine/Plugins/Runtime/ArchVisCharacter/Binaries/Win64/UE4Editor-ArchVisCharacter.dll (API version 3709383).
LogModuleManager: Display: Found up-to-date module file ../../../Engine/Plugins/Runtime/CableComponent/Binaries/Win64/UE4Editor-CableComponent.dll (API version 3709383).
LogModuleManager: Display: Found up-to-date module file ../../../Engine/Plugins/Runtime/CustomMeshComponent/Binaries/Win64/UE4Editor-CustomMeshComponent.dll (API version 3709383).
LogModuleManager: Display: Found up-to-date module file ../../../Engine/Plugins/Runtime/ExampleDeviceProfileSelector/Binaries/Win64/UE4Editor-ExampleDeviceProfileSelector.dll (API version 3709383).
LogModuleManager: Display: Found up-to-date module file ../../../Engine/Plugins/Runtime/ImmediatePhysics/Binaries/Win64/UE4Editor-ImmediatePhysics.dll (API version 3709383).
LogModuleManager: Display: Found up-to-date module file ../../../Engine/Plugins/Runtime/ImmediatePhysics/Binaries/Win64/UE4Editor-ImmediatePhysicsEditor.dll (API version 3709383).
LogModuleManager: Display: Found up-to-date module file ../../../Engine/Plugins/Runtime/LocationServicesBPLibrary/Binaries/Win64/UE4Editor-LocationServicesBPLibrary.dll (API version 3709383).
LogModuleManager: Display: Found up-to-date module file ../../../Engine/Plugins/Runtime/MobilePatchingUtils/Binaries/Win64/UE4Editor-MobilePatchingUtils.dll (API version 3709383).
LogModuleManager: Display: Found up-to-date module file ../../../Engine/Plugins/Runtime/Oculus/OculusVR/Binaries/Win64/UE4Editor-OculusHMD.dll (API version 3709383).
LogModuleManager: Display: Found up-to-date module file ../../../Engine/Plugins/Runtime/Oculus/OculusVR/Binaries/Win64/UE4Editor-OculusInput.dll (API version 3709383).
LogModuleManager: Display: Found up-to-date module file ../../../Engine/Plugins/Runtime/Oculus/OculusVR/Binaries/Win64/UE4Editor-OculusEditor.dll (API version 3709383).
LogModuleManager: Display: Found up-to-date module file ../../../Engine/Plugins/Runtime/PhysXVehicles/Binaries/Win64/UE4Editor-PhysXVehicles.dll (API version 3709383).
LogModuleManager: Display: Found up-to-date module file ../../../Engine/Plugins/Runtime/PhysXVehicles/Binaries/Win64/UE4Editor-PhysXVehiclesEditor.dll (API version 3709383).
LogModuleManager: Display: Found up-to-date module file ../../../Engine/Plugins/Runtime/ProceduralMeshComponent/Binaries/Win64/UE4Editor-ProceduralMeshComponent.dll (API version 3709383).
LogModuleManager: Display: Found up-to-date module file ../../../Engine/Plugins/Runtime/ProceduralMeshComponent/Binaries/Win64/UE4Editor-ProceduralMeshComponentEditor.dll (API version 3709383).
LogModuleManager: Display: Found up-to-date module file ../../../Engine/Plugins/Runtime/RuntimePhysXCooking/Binaries/Win64/UE4Editor-RuntimePhysXCooking.dll (API version 3709383).
LogModuleManager: Display: Found up-to-date module file ../../../Engine/Plugins/Runtime/Steam/SteamVR/Binaries/Win64/UE4Editor-SteamVR.dll (API version 3709383).
LogModuleManager: Display: Found up-to-date module file ../../../Engine/Plugins/Runtime/Steam/SteamVR/Binaries/Win64/UE4Editor-SteamVRController.dll (API version 3709383).
LogModuleManager: Display: Found up-to-date module file ../../../Engine/Plugins/Runtime/WindowsMoviePlayer/Binaries/Win64/UE4Editor-WindowsMoviePlayer.dll (API version 3709383).
LogInit: Warning: Incompatible or missing module: UE4Editor-Game.dll
Running F:/UE_4.18/Engine/Binaries/DotNET/UnrealBuildTool.exe Game Development Win64 -project="E:/UE4Project/Game/Game.uproject" -editorrecompile -progress -NoHotReloadFromIDE
Using 'git status' to determine working set for adaptive non-unity build.
Creating makefile for Game (no existing makefile)
@progress push 5%
@progress pop
Deleting old hot reload file: "E:\UE4Project\Game\Binaries\Win64\UE4Editor-Game-9971.dll".
Deleting old hot reload file: "E:\UE4Project\Game\Binaries\Win64\UE4Editor-Game-9971.pdb".
Performing 2 actions (4 in parallel)
[1/2] Link UE4Editor-Game.dll
[2/2] Link UE4Editor-Game.lib
  ???ڴ????? E:\UE4Project\Game\Intermediate\Build\Win64\UE4Editor\Development\UE4Editor-Game.lib ?Ͷ??? E:\UE4Project\Game\Intermediate\Build\Win64\UE4Editor\Development\UE4Editor-Game.exp
  ???ڴ????? E:\UE4Project\Game\Intermediate\Build\Win64\UE4Editor\Development\UE4Editor-Game.suppressed.lib ?Ͷ??? E:\UE4Project\Game\Intermediate\Build\Win64\UE4Editor\Development\UE4Editor-Game.suppressed.exp
Total build time: 7.58 seconds (Local executor: 1.02 seconds)
LogModuleManager: Display: Found up-to-date module file E:/UE4Project/Game/Binaries/Win64/UE4Editor-Game.dll (API version 3709383).
LogModuleManager: Display: Found up-to-date module file ../../../Engine/Plugins/2D/Paper2D/Binaries/Win64/UE4Editor-Paper2D.dll (API version 3709383).
LogModuleManager: Display: Found up-to-date module file ../../../Engine/Plugins/2D/Paper2D/Binaries/Win64/UE4Editor-Paper2DEditor.dll (API version 3709383).
LogModuleManager: Display: Found up-to-date module file ../../../Engine/Plugins/2D/Paper2D/Binaries/Win64/UE4Editor-PaperSpriteSheetImporter.dll (API version 3709383).
LogModuleManager: Display: Found up-to-date module file ../../../Engine/Plugins/2D/Paper2D/Binaries/Win64/UE4Editor-PaperTiledImporter.dll (API version 3709383).
LogModuleManager: Display: Found up-to-date module file ../../../Engine/Plugins/2D/Paper2D/Binaries/Win64/UE4Editor-SmartSnapping.dll (API version 3709383).
LogModuleManager: Display: Found up-to-date module file ../../../Engine/Plugins/Blendables/LightPropagationVolume/Binaries/Win64/UE4Editor-LightPropagationVolumeRuntime.dll (API version 3709383).
LogModuleManager: Display: Found up-to-date module file ../../../Engine/Plugins/Blendables/LightPropagationVolume/Binaries/Win64/UE4Editor-LightPropagationVolumeEditor.dll (API version 3709383).
LogModuleManager: Display: Found up-to-date module file ../../../Engine/Plugins/Developer/GitSourceControl/Binaries/Win64/UE4Editor-GitSourceControl.dll (API version 3709383).
LogModuleManager: Display: Found up-to-date module file ../../../Engine/Plugins/Developer/PerforceSourceControl/Binaries/Win64/UE4Editor-PerforceSourceControl.dll (API version 3709383).
LogModuleManager: Display: Found up-to-date module file ../../../Engine/Plugins/Developer/SubversionSourceControl/Binaries/Win64/UE4Editor-SubversionSourceControl.dll (API version 3709383).
LogModuleManager: Display: Found up-to-date module file ../../../Engine/Plugins/Developer/UObjectPlugin/Binaries/Win64/UE4Editor-UObjectPlugin.dll (API version 3709383).
LogModuleManager: Display: Found up-to-date module file ../../../Engine/Plugins/Developer/VisualStudioCodeSourceCodeAccess/Binaries/Win64/UE4Editor-VisualStudioCodeSourceCodeAccess.dll (API version 3709383).
LogModuleManager: Display: Found up-to-date module file ../../../Engine/Plugins/Developer/VisualStudioSourceCodeAccess/Binaries/Win64/UE4Editor-VisualStudioSourceCodeAccess.dll (API version 3709383).
LogModuleManager: Display: Found up-to-date module file ../../../Engine/Plugins/Editor/AssetManagerEditor/Binaries/Win64/UE4Editor-AssetManagerEditor.dll (API version 3709383).
LogModuleManager: Display: Found up-to-date module file ../../../Engine/Plugins/Editor/AudioCapture/Binaries/Win64/UE4Editor-AudioCapture.dll (API version 3709383).
LogModuleManager: Display: Found up-to-date module file ../../../Engine/Plugins/Editor/FacialAnimation/Binaries/Win64/UE4Editor-FacialAnimation.dll (API version 3709383).
LogModuleManager: Display: Found up-to-date module file ../../../Engine/Plugins/Editor/FacialAnimation/Binaries/Win64/UE4Editor-FacialAnimationEditor.dll (API version 3709383).
LogModuleManager: Display: Found up-to-date module file ../../../Engine/Plugins/Editor/GameplayTagsEditor/Binaries/Win64/UE4Editor-GameplayTagsEditor.dll (API version 3709383).
LogModuleManager: Display: Found up-to-date module file ../../../Engine/Plugins/Editor/MobileLauncherProfileWizard/Binaries/Win64/UE4Editor-MobileLauncherProfileWizard.dll (API version 3709383).
LogModuleManager: Display: Found up-to-date module file ../../../Engine/Plugins/Editor/PluginBrowser/Binaries/Win64/UE4Editor-PluginBrowser.dll (API version 3709383).
LogModuleManager: Display: Found up-to-date module file ../../../Engine/Plugins/Editor/SpeedTreeImporter/Binaries/Win64/UE4Editor-SpeedTreeImporter.dll (API version 3709383).
LogModuleManager: Display: Found up-to-date module file ../../../Engine/Plugins/Experimental/AlembicImporter/Binaries/Win64/UE4Editor-AlembicImporter.dll (API version 3709383).
LogModuleManager: Display: Found up-to-date module file ../../../Engine/Plugins/Experimental/AlembicImporter/Binaries/Win64/UE4Editor-AlembicLibrary.dll (API version 3709383).
LogModuleManager: Display: Found up-to-date module file ../../../Engine/Plugins/Experimental/CharacterAI/Binaries/Win64/UE4Editor-CharacterAI.dll (API version 3709383).
LogModuleManager: Display: Found up-to-date module file ../../../Engine/Plugins/Experimental/HTML5Networking/Binaries/Win64/UE4Editor-HTML5Networking.dll (API version 3709383).
LogModuleManager: Display: Found up-to-date module file ../../../Engine/Plugins/Media/AndroidMedia/Binaries/Win64/UE4Editor-AndroidMediaEditor.dll (API version 3709383).
LogModuleManager: Display: Found up-to-date module file ../../../Engine/Plugins/Media/AndroidMedia/Binaries/Win64/UE4Editor-AndroidMediaFactory.dll (API version 3709383).
LogModuleManager: Display: Found up-to-date module file ../../../Engine/Plugins/Media/AvfMedia/Binaries/Win64/UE4Editor-AvfMediaEditor.dll (API version 3709383).
LogModuleManager: Display: Found up-to-date module file ../../../Engine/Plugins/Media/AvfMedia/Binaries/Win64/UE4Editor-AvfMediaFactory.dll (API version 3709383).
LogModuleManager: Display: Found up-to-date module file ../../../Engine/Plugins/Media/AvfMedia/Binaries/Win64/UE4Editor-AvfMediaFactory.dll (API version 3709383).
LogModuleManager: Display: Found up-to-date module file ../../../Engine/Plugins/Media/ImgMedia/Binaries/Win64/UE4Editor-ImgMedia.dll (API version 3709383).
LogModuleManager: Display: Found up-to-date module file ../../../Engine/Plugins/Media/ImgMedia/Binaries/Win64/UE4Editor-ImgMediaEditor.dll (API version 3709383).
LogModuleManager: Display: Found up-to-date module file ../../../Engine/Plugins/Media/ImgMedia/Binaries/Win64/UE4Editor-ImgMediaFactory.dll (API version 3709383).
LogModuleManager: Display: Found up-to-date module file ../../../Engine/Plugins/Media/ImgMedia/Binaries/Win64/UE4Editor-ImgMediaFactory.dll (API version 3709383).
LogModuleManager: Display: Found up-to-date module file ../../../Engine/Plugins/Media/ImgMedia/Binaries/Win64/UE4Editor-OpenExrWrapper.dll (API version 3709383).
LogModuleManager: Display: Found up-to-date module file ../../../Engine/Plugins/Media/MediaCompositing/Binaries/Win64/UE4Editor-MediaCompositing.dll (API version 3709383).
LogModuleManager: Display: Found up-to-date module file ../../../Engine/Plugins/Media/MediaCompositing/Binaries/Win64/UE4Editor-MediaCompositingEditor.dll (API version 3709383).
LogModuleManager: Display: Found up-to-date module file ../../../Engine/Plugins/Media/MediaPlayerEditor/Binaries/Win64/UE4Editor-MediaPlayerEditor.dll (API version 3709383).
LogModuleManager: Display: Found up-to-date module file ../../../Engine/Plugins/Media/WmfMedia/Binaries/Win64/UE4Editor-WmfMedia.dll (API version 3709383).
LogModuleManager: Display: Found up-to-date module file ../../../Engine/Plugins/Media/WmfMedia/Binaries/Win64/UE4Editor-WmfMediaEditor.dll (API version 3709383).
LogModuleManager: Display: Found up-to-date module file ../../../Engine/Plugins/Media/WmfMedia/Binaries/Win64/UE4Editor-WmfMediaFactory.dll (API version 3709383).
LogModuleManager: Display: Found up-to-date module file ../../../Engine/Plugins/Media/WmfMedia/Binaries/Win64/UE4Editor-WmfMediaFactory.dll (API version 3709383).
LogModuleManager: Display: Found up-to-date module file ../../../Engine/Plugins/Messaging/TcpMessaging/Binaries/Win64/UE4Editor-TcpMessaging.dll (API version 3709383).
LogModuleManager: Display: Found up-to-date module file ../../../Engine/Plugins/Messaging/UdpMessaging/Binaries/Win64/UE4Editor-UdpMessaging.dll (API version 3709383).
LogModuleManager: Display: Found up-to-date module file ../../../Engine/Plugins/MovieScene/ActorSequence/Binaries/Win64/UE4Editor-ActorSequence.dll (API version 3709383).
LogModuleManager: Display: Found up-to-date module file ../../../Engine/Plugins/MovieScene/LevelSequenceEditor/Binaries/Win64/UE4Editor-LevelSequenceEditor.dll (API version 3709383).
LogModuleManager: Display: Found up-to-date module file ../../../Engine/Plugins/MovieScene/MatineeToLevelSequence/Binaries/Win64/UE4Editor-MatineeToLevelSequence.dll (API version 3709383).
LogModuleManager: Display: Found up-to-date module file ../../../Engine/Plugins/Online/OnlineSubsystem/Binaries/Win64/UE4Editor-OnlineSubsystem.dll (API version 3709383).
LogModuleManager: Display: Found up-to-date module file ../../../Engine/Plugins/Online/OnlineSubsystemNull/Binaries/Win64/UE4Editor-OnlineSubsystemNull.dll (API version 3709383).
LogModuleManager: Display: Found up-to-date module file ../../../Engine/Plugins/Online/OnlineSubsystemUtils/Binaries/Win64/UE4Editor-OnlineSubsystemUtils.dll (API version 3709383).
LogModuleManager: Display: Found up-to-date module file ../../../Engine/Plugins/Online/OnlineSubsystemUtils/Binaries/Win64/UE4Editor-OnlineBlueprintSupport.dll (API version 3709383).
LogModuleManager: Display: Found up-to-date module file ../../../Engine/Plugins/Runtime/AndroidDeviceProfileSelector/Binaries/Win64/UE4Editor-AndroidDeviceProfileSelector.dll (API version 3709383).
LogModuleManager: Display: Found up-to-date module file ../../../Engine/Plugins/Runtime/AndroidPermission/Binaries/Win64/UE4Editor-AndroidPermission.dll (API version 3709383).
LogModuleManager: Display: Found up-to-date module file ../../../Engine/Plugins/Runtime/AppleARKit/Binaries/Win64/UE4Editor-AppleARKit.dll (API version 3709383).
LogModuleManager: Display: Found up-to-date module file ../../../Engine/Plugins/Runtime/ArchVisCharacter/Binaries/Win64/UE4Editor-ArchVisCharacter.dll (API version 3709383).
LogModuleManager: Display: Found up-to-date module file ../../../Engine/Plugins/Runtime/CableComponent/Binaries/Win64/UE4Editor-CableComponent.dll (API version 3709383).
LogModuleManager: Display: Found up-to-date module file ../../../Engine/Plugins/Runtime/CustomMeshComponent/Binaries/Win64/UE4Editor-CustomMeshComponent.dll (API version 3709383).
LogModuleManager: Display: Found up-to-date module file ../../../Engine/Plugins/Runtime/ExampleDeviceProfileSelector/Binaries/Win64/UE4Editor-ExampleDeviceProfileSelector.dll (API version 3709383).
LogModuleManager: Display: Found up-to-date module file ../../../Engine/Plugins/Runtime/ImmediatePhysics/Binaries/Win64/UE4Editor-ImmediatePhysics.dll (API version 3709383).
LogModuleManager: Display: Found up-to-date module file ../../../Engine/Plugins/Runtime/ImmediatePhysics/Binaries/Win64/UE4Editor-ImmediatePhysicsEditor.dll (API version 3709383).
LogModuleManager: Display: Found up-to-date module file ../../../Engine/Plugins/Runtime/LocationServicesBPLibrary/Binaries/Win64/UE4Editor-LocationServicesBPLibrary.dll (API version 3709383).
LogModuleManager: Display: Found up-to-date module file ../../../Engine/Plugins/Runtime/MobilePatchingUtils/Binaries/Win64/UE4Editor-MobilePatchingUtils.dll (API version 3709383).
LogModuleManager: Display: Found up-to-date module file ../../../Engine/Plugins/Runtime/Oculus/OculusVR/Binaries/Win64/UE4Editor-OculusHMD.dll (API version 3709383).
LogModuleManager: Display: Found up-to-date module file ../../../Engine/Plugins/Runtime/Oculus/OculusVR/Binaries/Win64/UE4Editor-OculusInput.dll (API version 3709383).
LogModuleManager: Display: Found up-to-date module file ../../../Engine/Plugins/Runtime/Oculus/OculusVR/Binaries/Win64/UE4Editor-OculusEditor.dll (API version 3709383).
LogModuleManager: Display: Found up-to-date module file ../../../Engine/Plugins/Runtime/PhysXVehicles/Binaries/Win64/UE4Editor-PhysXVehicles.dll (API version 3709383).
LogModuleManager: Display: Found up-to-date module file ../../../Engine/Plugins/Runtime/PhysXVehicles/Binaries/Win64/UE4Editor-PhysXVehiclesEditor.dll (API version 3709383).
LogModuleManager: Display: Found up-to-date module file ../../../Engine/Plugins/Runtime/ProceduralMeshComponent/Binaries/Win64/UE4Editor-ProceduralMeshComponent.dll (API version 3709383).
LogModuleManager: Display: Found up-to-date module file ../../../Engine/Plugins/Runtime/ProceduralMeshComponent/Binaries/Win64/UE4Editor-ProceduralMeshComponentEditor.dll (API version 3709383).
LogModuleManager: Display: Found up-to-date module file ../../../Engine/Plugins/Runtime/RuntimePhysXCooking/Binaries/Win64/UE4Editor-RuntimePhysXCooking.dll (API version 3709383).
LogModuleManager: Display: Found up-to-date module file ../../../Engine/Plugins/Runtime/Steam/SteamVR/Binaries/Win64/UE4Editor-SteamVR.dll (API version 3709383).
LogModuleManager: Display: Found up-to-date module file ../../../Engine/Plugins/Runtime/Steam/SteamVR/Binaries/Win64/UE4Editor-SteamVRController.dll (API version 3709383).
LogModuleManager: Display: Found up-to-date module file ../../../Engine/Plugins/Runtime/WindowsMoviePlayer/Binaries/Win64/UE4Editor-WindowsMoviePlayer.dll (API version 3709383).
LogInit: Using libcurl 7.47.1
LogInit:  - built for x86_64-pc-win32
LogInit:  - supports SSL with OpenSSL/1.0.2g
LogInit:  - supports HTTP deflate (compression) using libz 1.2.8
LogInit:  - other features:
LogInit:      CURL_VERSION_SSL
LogInit:      CURL_VERSION_LIBZ
LogInit:      CURL_VERSION_IPV6
LogInit:      CURL_VERSION_ASYNCHDNS
LogInit:      CURL_VERSION_LARGEFILE
LogInit:      CURL_VERSION_IDN
LogInit:  CurlRequestOptions (configurable via config and command line):
LogInit:  - bVerifyPeer = false  - Libcurl will NOT verify peer certificate
LogInit:  - bUseHttpProxy = false  - Libcurl will NOT use HTTP proxy
LogInit:  - bDontReuseConnections = false  - Libcurl will reuse connections
LogInit:  - CertBundlePath = nullptr  - Libcurl will use whatever was configured at build time.
LogInit: Build: ++UE4+Release-4.18-CL-3794801
LogInit: Engine Version: 4.18.2-3794801+++UE4+Release-4.18
LogInit: Compatible Engine Version: 4.18.0-3709383+++UE4+Release-4.18
LogInit: Net CL: 3709383
LogDevObjectVersion: Number of dev versions registered: 16
LogDevObjectVersion:   Dev-Blueprints (B0D832E4-1F89-4F0D-ACCF-7EB736FD4AA2): 10
LogDevObjectVersion:   Dev-Build (E1C64328-A22C-4D53-A36C-8E866417BD8C): 0
LogDevObjectVersion:   Dev-Core (375EC13C-06E4-48FB-B500-84F0262A717E): 2
LogDevObjectVersion:   Dev-Editor (E4B068ED-F494-42E9-A231-DA0B2E46BB41): 20
LogDevObjectVersion:   Dev-Framework (CFFC743F-43B0-4480-9391-14DF171D2073): 30
LogDevObjectVersion:   Dev-Mobile (B02B49B5-BB20-44E9-A304-32B752E40360): 0
LogDevObjectVersion:   Dev-Networking (A4E4105C-59A1-49B5-A7C5-40C4547EDFEE): 0
LogDevObjectVersion:   Dev-Online (39C831C9-5AE6-47DC-9A44-9C173E1C8E7C): 0
LogDevObjectVersion:   Dev-Physics (78F01B33-EBEA-4F98-B9B4-84EACCB95AA2): 0
LogDevObjectVersion:   Dev-Platform (6631380F-2D4D-43E0-8009-CF276956A95A): 0
LogDevObjectVersion:   Dev-Rendering (12F88B9F-8875-4AFC-A67C-D90C383ABD29): 20
LogDevObjectVersion:   Dev-Sequencer (7B5AE74C-D270-4C10-A958-57980B212A5A): 4
LogDevObjectVersion:   Dev-VR (D7296918-1DD6-4BDD-9DE2-64A83CC13884): 0
LogDevObjectVersion:   Dev-LoadTimes (C2A15278-BFE7-4AFE-6C17-90FF531DF755): 1
LogDevObjectVersion:   Private-Geometry (6EACA3D4-40EC-4CC1-B786-8BED09428FC5): 1
LogDevObjectVersion:   Dev-AnimPhys (29E575DD-E0A3-4627-9D10-D276232CDCEA): 12
LogInit: Compiled (64-bit): Dec  8 2017 02:04:53
LogInit: Compiled with Visual C++: 19.00.24215.01
LogInit: Build Configuration: Development
LogInit: Branch Name: ++UE4+Release-4.18
LogInit: Command line:  
LogInit: Base directory: F:/UE_4.18/Engine/Binaries/Win64/
LogInit: Installed Engine Build: 1
LogInit: Presizing for max 8388607 objects, including 0 objects not considered by GC, pre-allocating 0 bytes for permanent pool.
LogInit: Object subsystem initialized
[2018.01.02-02.27.16:282][  0]LogInit: Selected Device Profile: [Windows]
[2018.01.02-02.27.16:282][  0]LogInit: Applying CVar settings loaded from the selected device profile: [Windows]
[2018.01.02-02.27.16:301][  0]LogInit: Computer: DESKTOP-22TJR89
[2018.01.02-02.27.16:301][  0]LogInit: User: Lwc
[2018.01.02-02.27.16:301][  0]LogInit: CPU Page size=4096, Cores=4
[2018.01.02-02.27.16:301][  0]LogInit: High frequency timer resolution =2.531256 MHz
[2018.01.02-02.27.16:302][  0]LogMemory: Memory total: Physical=15.9GB (16GB approx)
[2018.01.02-02.27.16:302][  0]LogMemory: Platform Memory Stats for Windows
[2018.01.02-02.27.16:302][  0]LogMemory: Process Physical Memory: 277.82 MB used, 277.82 MB peak
[2018.01.02-02.27.16:302][  0]LogMemory: Process Virtual Memory: 272.18 MB used, 272.18 MB peak
[2018.01.02-02.27.16:302][  0]LogMemory: Physical Memory: 4565.13 MB used,  11702.73 MB free, 16267.86 MB total
[2018.01.02-02.27.16:302][  0]LogMemory: Virtual Memory: 719.66 MB used,  11702.73 MB free, 134217728.00 MB total
[2018.01.02-02.27.16:445][  0]LogInit: Using OS detected language (zh-CN).
[2018.01.02-02.27.16:445][  0]LogInit: Using OS detected locale (zh-CN).
[2018.01.02-02.27.16:602][  0]LogInit: Setting process to per monitor DPI aware
[2018.01.02-02.27.16:894][  0]LogD3D11RHI: D3D11 adapters:
[2018.01.02-02.27.16:951][  0]LogD3D11RHI:    0. 'NVIDIA GeForce GTX 1060' (Feature Level 11_0)
[2018.01.02-02.27.16:951][  0]LogD3D11RHI:       6061/0/8133 MB DedicatedVideo/DedicatedSystem/SharedSystem, Outputs:2, VendorId:0x10de
[2018.01.02-02.27.16:962][  0]LogD3D11RHI:    1. 'Intel(R) HD Graphics 530' (Feature Level 11_0)
[2018.01.02-02.27.16:962][  0]LogD3D11RHI:       128/0/8133 MB DedicatedVideo/DedicatedSystem/SharedSystem, Outputs:0, VendorId:0x8086
[2018.01.02-02.27.16:965][  0]LogD3D11RHI:    2. 'Microsoft Basic Render Driver' (Feature Level 11_0)
[2018.01.02-02.27.16:965][  0]LogD3D11RHI:       0/0/8133 MB DedicatedVideo/DedicatedSystem/SharedSystem, Outputs:0, VendorId:0x1414
[2018.01.02-02.27.16:965][  0]LogD3D11RHI: Chosen D3D11 Adapter: 0
[2018.01.02-02.27.16:973][  0]LogD3D11RHI: Creating new Direct3DDevice
[2018.01.02-02.27.16:973][  0]LogD3D11RHI:     GPU DeviceId: 0x1c20 (for the marketing name, search the web for "GPU Device Id")
[2018.01.02-02.27.16:973][  0]LogWindows: EnumDisplayDevices:
[2018.01.02-02.27.16:973][  0]LogWindows:    0. 'Intel(R) HD Graphics 530' (P:1 D:1)
[2018.01.02-02.27.16:973][  0]LogWindows:    1. 'Intel(R) HD Graphics 530' (P:0 D:0)
[2018.01.02-02.27.16:974][  0]LogWindows:    2. 'Intel(R) HD Graphics 530' (P:0 D:0)
[2018.01.02-02.27.16:974][  0]LogWindows:    3. 'NVIDIA GeForce GTX 1060' (P:0 D:1)
[2018.01.02-02.27.16:974][  0]LogWindows:    4. 'NVIDIA GeForce GTX 1060' (P:0 D:0)
[2018.01.02-02.27.16:974][  0]LogWindows:    5. 'NVIDIA GeForce GTX 1060' (P:0 D:0)
[2018.01.02-02.27.16:974][  0]LogWindows:    6. 'NVIDIA GeForce GTX 1060' (P:0 D:0)
[2018.01.02-02.27.16:974][  0]LogWindows: DebugString: GetVideoDriverDetailsInvalid PrimaryIsNotTheChoosenAdapter GetVideoDriverDetailsInvalid PrimaryIsNotTheChoosenAdapter GetVideoDriverDetailsInvalid PrimaryIsNotTheChoosenAdapter GetVideoDriverDetailsInvalid PrimaryIsNotTheChoosenAdapter GetVideoDriverDetailsInvalid PrimaryIsNotTheChoosenAdapter GetVideoDriverDetailsInvalid PrimaryIsNotTheChoosenAdapter GetVideoDriverDetailsInvalid PrimaryIsNotTheChoosenAdapter FoundDriverCount:0 
[2018.01.02-02.27.16:974][  0]LogD3D11RHI:     Adapter Name: NVIDIA GeForce GTX 1060
[2018.01.02-02.27.16:974][  0]LogD3D11RHI:   Driver Version: Unknown (internal:Unknown, unified:Unknown)
[2018.01.02-02.27.16:975][  0]LogD3D11RHI:      Driver Date: Unknown
[2018.01.02-02.27.16:975][  0]LogRHI: Texture pool is 4242 MB (70% of 6061 MB)
[2018.01.02-02.27.17:002][  0]LogD3D11RHI: Async texture creation enabled
[2018.01.02-02.27.17:018][  0]LogD3D11RHI: GPU Timing Frequency: 1000.000000 (Debug: 2 1)
[2018.01.02-02.27.17:068][  0]LogShaderCompilers: Guid format shader working directory is 28 characters bigger than the processId version (E:/UE4Project/Game/Intermediate/Shaders/WorkingDirectory/2548/).
[2018.01.02-02.27.17:068][  0]LogShaderCompilers: Cleaned the shader compiler working directory 'C:/Users/17167/AppData/Local/Temp/UnrealShaderWorkingDir/28A71F5E47CDF2F05343D688FA56330C/'.
[2018.01.02-02.27.17:069][  0]LogShaderCompilers: Display: Using Local Shader Compiler.
[2018.01.02-02.27.18:038][  0]LogTemp: Display: Loaded TP AllDesktopTargetPlatform
[2018.01.02-02.27.18:081][  0]LogTemp: Display: Loaded TP MacClientTargetPlatform
[2018.01.02-02.27.18:129][  0]LogTemp: Display: Loaded TP MacNoEditorTargetPlatform
[2018.01.02-02.27.18:175][  0]LogTemp: Display: Loaded TP MacServerTargetPlatform
[2018.01.02-02.27.18:218][  0]LogTemp: Display: Loaded TP MacTargetPlatform
[2018.01.02-02.27.18:268][  0]LogTemp: Display: Loaded TP WindowsClientTargetPlatform
[2018.01.02-02.27.18:312][  0]LogTemp: Display: Loaded TP WindowsNoEditorTargetPlatform
[2018.01.02-02.27.18:355][  0]LogTemp: Display: Loaded TP WindowsServerTargetPlatform
[2018.01.02-02.27.18:394][  0]LogTemp: Display: Loaded TP WindowsTargetPlatform
[2018.01.02-02.27.18:435][  0]LogTemp: Display: Loaded TP Android_ASTCTargetPlatform
[2018.01.02-02.27.18:483][  0]LogTemp: Display: Loaded TP Android_ATCTargetPlatform
[2018.01.02-02.27.18:527][  0]LogTemp: Display: Loaded TP Android_DXTTargetPlatform
[2018.01.02-02.27.18:568][  0]LogTemp: Display: Loaded TP Android_ETC1TargetPlatform
[2018.01.02-02.27.18:611][  0]LogTemp: Display: Loaded TP Android_ETC2TargetPlatform
[2018.01.02-02.27.18:696][  0]LogTemp: Display: Loaded TP Android_MultiTargetPlatform
[2018.01.02-02.27.18:696][  0]LogTemp: Display: Loaded TP Android_PVRTCTargetPlatform
[2018.01.02-02.27.18:742][  0]LogTemp: Display: Loaded TP AndroidTargetPlatform
[2018.01.02-02.27.18:786][  0]LogTemp: Display: Loaded TP HTML5TargetPlatform
[2018.01.02-02.27.18:866][  0]LogTemp: Display: Loaded TP IOSTargetPlatform
[2018.01.02-02.27.18:889][  0]LogTemp: Display: Loaded TP TVOSTargetPlatform
[2018.01.02-02.27.18:938][  0]LogTemp: Display: Loaded TP LinuxClientTargetPlatform
[2018.01.02-02.27.18:987][  0]LogTemp: Display: Loaded TP LinuxNoEditorTargetPlatform
[2018.01.02-02.27.19:032][  0]LogTemp: Display: Loaded TP LinuxServerTargetPlatform
[2018.01.02-02.27.19:075][  0]LogTemp: Display: Loaded TP LinuxTargetPlatform
[2018.01.02-02.27.19:075][  0]LogTargetPlatformManager: Display: Building Assets For Windows
[2018.01.02-02.27.19:495][  0]LogDerivedDataCache: Display: Max Cache Size: 512 MB
[2018.01.02-02.27.19:565][  0]LogDerivedDataCache: Loaded boot cache 0.07s 78MB C:/Users/17167/AppData/Local/UnrealEngine/4.18/DerivedDataCache/Boot.ddc.
[2018.01.02-02.27.19:565][  0]LogDerivedDataCache: Display: Loaded Boot cache: C:/Users/17167/AppData/Local/UnrealEngine/4.18/DerivedDataCache/Boot.ddc
[2018.01.02-02.27.19:565][  0]LogDerivedDataCache: FDerivedDataBackendGraph:  Pak pak cache file E:/UE4Project/Game/DerivedDataCache/DDC.ddp not found, will not use a pak cache.
[2018.01.02-02.27.19:565][  0]LogDerivedDataCache: Unable to find inner node Pak for hierarchical cache Hierarchy.
[2018.01.02-02.27.19:565][  0]LogDerivedDataCache: FDerivedDataBackendGraph:  CompressedPak pak cache file E:/UE4Project/Game/DerivedDataCache/Compressed.ddp not found, will not use a pak cache.
[2018.01.02-02.27.19:565][  0]LogDerivedDataCache: Unable to find inner node CompressedPak for hierarchical cache Hierarchy.
[2018.01.02-02.27.19:583][  0]LogDerivedDataCache: Display: Pak cache opened for reading ../../../Engine/DerivedDataCache/Compressed.ddp.
[2018.01.02-02.27.19:596][  0]LogDerivedDataCache: Using Local data cache path C:/Users/17167/AppData/Local/UnrealEngine/Common/DerivedDataCache: Writable
[2018.01.02-02.27.19:607][  0]LogMaterial: Verifying Global Shaders for PCD3D_SM5
[2018.01.02-02.27.19:608][  0]LogSlate: Using Freetype 2.6.0
[2018.01.02-02.27.19:608][  0]LogSlate: SlateFontCache - WITH_FREETYPE: 1, WITH_HARFBUZZ: 1
[2018.01.02-02.27.19:608][  0]LogSlate: SlateFontCache - WITH_FREETYPE: 1, WITH_HARFBUZZ: 1
[2018.01.02-02.27.20:005][  0]LogInit: Selected Device Profile: [Windows]
[2018.01.02-02.27.20:234][  0]LogSimplygon: Simplygon DLL not present - disabling.
[2018.01.02-02.27.20:268][  0]LogMeshReduction: Using SimplygonSwarm for distributed automatic mesh merging
[2018.01.02-02.27.20:268][  0]LogMeshReduction: Using QuadricMeshReduction for automatic static mesh reduction
[2018.01.02-02.27.20:268][  0]LogMeshReduction: No automatic skeletal mesh reduction module available
[2018.01.02-02.27.20:268][  0]LogMeshReduction: No automatic mesh merging module available
[2018.01.02-02.27.20:268][  0]LogMeshMerging: No automatic mesh merging module available
[2018.01.02-02.27.20:384][  0]LogNetVersion: Game , NetCL: 3709383, EngineNetVer: 2, GameNetVer: 0 (Checksum: 1359646243)
[2018.01.02-02.27.20:554][  0]LogAssetRegistry: FAssetRegistry took 0.0262 seconds to start up
[2018.01.02-02.27.21:103][  0]LogPackageLocalizationCache: Processed 7 localized package path(s) for 4 prioritized culture(s) in 0.104648 seconds
[2018.01.02-02.27.21:110][  0]LogUObjectArray: 35900 objects as part of root set at end of initial load.
[2018.01.02-02.27.21:110][  0]LogUObjectAllocator: 7372024 out of 0 bytes used by permanent object pool.
[2018.01.02-02.27.21:110][  0]LogUObjectArray: CloseDisregardForGC: 0/0 objects in disregard for GC pool
[2018.01.02-02.27.21:170][  0]LogInit: WinSock: version 1.1 (2.2), MaxSocks=32767, MaxUdp=65467
[2018.01.02-02.27.23:956][  0]LogTcpMessaging: Initializing TcpMessaging bridge
[2018.01.02-02.27.23:996][  0]LogUdpMessaging: Initializing bridge on interface 0.0.0.0:0 to multicast group 230.0.0.1:6666.
[2018.01.02-02.27.24:690][  0]LogMaterial: Uniform references updated for custom material expression Custom.
[2018.01.02-02.27.25:108][  0]SourceControl: 源码控制已禁用
[2018.01.02-02.27.25:108][  0]SourceControl: 源码控制已禁用
[2018.01.02-02.27.25:158][  0]SourceControl: 源码控制已禁用
[2018.01.02-02.27.25:215][  0]SourceControl: 源码控制已禁用
[2018.01.02-02.27.26:216][  0]LogAndroidPermission: UAndroidPermissionCallbackProxy::GetInstance
[2018.01.02-02.27.26:509][  0]LogOcInput: OculusInput pre-init called
[2018.01.02-02.27.26:765][  0]LogEngine: Initializing Engine...
[2018.01.02-02.27.26:767][  0]LogHMD: Failed to initialize OpenVR with code 110
[2018.01.02-02.27.27:007][  0]LogStats: UGameplayTagsManager::ConstructGameplayTagTree: Construct from data asset -  0.000 s
[2018.01.02-02.27.27:007][  0]LogStats: UGameplayTagsManager::ConstructGameplayTagTree: GameplayTagTreeChangedEvent.Broadcast -  0.000 s
[2018.01.02-02.27.27:114][  0]LogAIModule: Creating AISystem for world Untitled
[2018.01.02-02.27.27:135][  0]LogInit: XAudio2 using '扬声器 (Realtek High Definition Audio)' : 2 channels at 48 kHz using 32 bits per sample (channel mask 0x3)
[2018.01.02-02.27.27:186][  0]LogInit: FAudioDevice initialized.
[2018.01.02-02.27.27:299][  0]LogDerivedDataCache: Saved boot cache 0.11s 78MB C:/Users/17167/AppData/Local/UnrealEngine/4.18/DerivedDataCache/Boot.ddc.
[2018.01.02-02.27.27:306][  0]LogInit: Texture streaming: Enabled
[2018.01.02-02.27.27:413][  0]LogEngineSessionManager: EngineSessionManager initialized
[2018.01.02-02.27.27:527][  0]LogInit: Transaction tracking system initialized
[2018.01.02-02.27.27:818][  0]BlueprintLog: New page: 编辑器加载
[2018.01.02-02.27.28:588][  0]LocalizationService: 本地化服务已被禁用
[2018.01.02-02.27.29:272][  0]LogConsoleResponse: Display: 
[2018.01.02-02.27.29:458][  0]LogCook: Display: Max memory allowance for cook 16384mb min free memory 0mb
[2018.01.02-02.27.29:458][  0]LogCook: Display: Mobile HDR setting 1
[2018.01.02-02.27.29:458][  0]LogGameplayTags: Display: UGameplayTagsManager::DoneAddingNativeTags. DelegateIsBound: 0
[2018.01.02-02.27.30:257][  0]LogFileCache: Scanning file cache for directory 'E:/UE4Project/Game/Content/' took 0.01s
[2018.01.02-02.27.30:578][  0]SourceControl: 源码控制已禁用
[2018.01.02-02.27.30:578][  0]Cmd: MAP LOAD FILE="../../../Engine/Content/Maps/Templates/Template_Default.umap" TEMPLATE=1 SHOWPROGRESS=1 FEATURELEVEL=3
[2018.01.02-02.27.30:578][  0]LightingResults: New page: 光照构建
[2018.01.02-02.27.30:611][  0]MapCheck: New page: 地图检测
[2018.01.02-02.27.30:611][  0]LightingResults: New page: 光照构建
[2018.01.02-02.27.30:882][  0]LogAIModule: Creating AISystem for world Untitled_1
[2018.01.02-02.27.30:892][  0]LogEditorServer: Finished looking for orphan Actors (0.000 secs)
[2018.01.02-02.27.30:915][  0]Cmd: MAP CHECKDEP NOCLEARLOG
[2018.01.02-02.27.30:956][  0]MapCheck: 地图检测完成：0个错误，0 个警告，用时40.815毫秒完成。
[2018.01.02-02.27.30:956][  0]LogFileHelpers: Loading map 'Template_Default' took 0.378
[2018.01.02-02.27.31:042][  0]LogWindowsTextInputMethodSystem: Display: IME system now activated using TSF (微软拼音).
[2018.01.02-02.27.31:174][  0]LogCollectionManager: Loaded 0 collections in 0.002285 seconds
[2018.01.02-02.27.31:244][  0]LogFileCache: Scanning file cache for directory 'E:/UE4Project/Game/Saved/Collections/' took 0.01s
[2018.01.02-02.27.31:244][  0]LogFileCache: Scanning file cache for directory 'E:/UE4Project/Game/Content/Developers/Lwc/Collections/' took 0.01s
[2018.01.02-02.27.31:244][  0]LogFileCache: Scanning file cache for directory 'E:/UE4Project/Game/Content/Collections/' took 0.01s
[2018.01.02-02.27.31:244][  0]LogCollectionManager: Rebuilt the GUID cache for 0 collections in 0.000000 seconds
[2018.01.02-02.27.31:256][  0]LogContentBrowser: Native class hierarchy populated in 0.0121 seconds. Added 2364 classes and 521 folders.
[2018.01.02-02.27.31:307][  0]LogContentBrowser: Native class hierarchy updated for 'WidgetCarousel' in 0.0005 seconds. Added 0 classes and 0 folders.
[2018.01.02-02.27.31:346][  0]LogContentBrowser: Native class hierarchy updated for 'AddContentDialog' in 0.0005 seconds. Added 0 classes and 0 folders.
[2018.01.02-02.27.31:380][  0]LogContentBrowser: Native class hierarchy updated for 'SceneOutliner' in 0.0005 seconds. Added 1 classes and 2 folders.
[2018.01.02-02.27.31:453][  0]LogSlate: Took 0.000418 seconds to synchronously load lazily loaded font '../../../Engine/Content/Slate/Fonts/Roboto-Regular.ttf' (155K)
[2018.01.02-02.27.31:462][  0]LogSlate: Took 0.008154 seconds to synchronously load lazily loaded font '../../../Engine/Content/Slate/Fonts/DroidSansFallback.ttf' (3848K)
[2018.01.02-02.27.31:466][  0]LogSlate: Took 0.000602 seconds to synchronously load lazily loaded font '../../../Engine/Content/Slate/Fonts/Roboto-Bold.ttf' (160K)
[2018.01.02-02.27.31:472][  0]LogSlate: Took 0.000322 seconds to synchronously load lazily loaded font '../../../Engine/Content/Editor/Slate/Fonts/FontAwesome.ttf' (139K)
[2018.01.02-02.27.31:601][  0]LogRenderer: Reallocating scene render targets to support 1208x544 Format 10 NumSamples 1 (Frame:1).
[2018.01.02-02.27.31:782][  0]LogContentBrowser: Native class hierarchy updated for 'HierarchicalLODOutliner' in 0.0005 seconds. Added 1 classes and 2 folders.
[2018.01.02-02.27.31:782][  0]LogLoad: (Engine Initialization) Total time: 29.14 seconds
[2018.01.02-02.27.31:782][  0]LogLoad: (Engine Initialization) Total Blueprint compile time: 0.00 seconds
[2018.01.02-02.27.31:782][  0]LogExternalProfiler: No external profilers were discovered.  External profiling features will not be available.
[2018.01.02-02.27.31:821][  0]LogContentStreaming: Texture pool size now 1000 MB
[2018.01.02-02.27.31:898][  1]LogRenderer: Reallocating scene render targets to support 1208x564 Format 10 NumSamples 1 (Frame:3).
[2018.01.02-02.27.31:912][  1]LogAssetRegistry: Asset discovery search completed in 11.3800 seconds
[2018.01.02-02.27.31:915][  1]LogCollectionManager: Rebuilt the object cache for 0 collections in 0.000000 seconds (found 0 objects)
[2018.01.02-02.27.31:915][  1]LogCollectionManager: Fixed up redirectors for 0 collections in 0.000053 seconds (updated 0 objects)
[2018.01.02-02.27.40:515][330]SourceControl: Error: Failed to enable Git source control. You need to install Git and specify a valid path to git executable.
[2018.01.02-02.28.34:992][465]SourceControl: 源码控制已禁用
[2018.01.02-02.28.53:312][238]SourceControl: Error: Failed to enable Git source control. You need to install Git and specify a valid path to git executable.
[2018.01.02-02.30.32:113][ 36]SourceControl: Error: Failed to enable Git source control. You need to install Git and specify a valid path to git executable.
[2018.01.02-02.30.33:013][ 90]SourceControl: Error: Failed to enable Git source control. You need to install Git and specify a valid path to git executable.
[2018.01.02-02.30.33:563][123]SourceControl: 源码控制已禁用
[2018.01.02-02.30.34:709][189]LogWindowsTextInputMethodSystem: Display: IME system now activated using TSF (微软拼音).
[2018.01.02-02.30.35:015][190]Cmd: QUIT_EDITOR
[2018.01.02-02.30.35:188][190]LogExit: Preparing to exit.
[2018.01.02-02.30.36:132][190]LogExit: Editor shut down
[2018.01.02-02.30.36:135][190]LogExit: Transaction tracking system shut down
[2018.01.02-02.30.36:226][190]LogDirectoryWatcher: A directory notification for '../../../Engine/Content/' was aborted.
[2018.01.02-02.30.36:227][190]LogDirectoryWatcher: A directory notification for 'E:/UE4Project/Game/Content/' was aborted.
[2018.01.02-02.30.36:227][190]LogDirectoryWatcher: A directory notification for '../../../Engine/Plugins/2D/Paper2D/Content/' was aborted.
[2018.01.02-02.30.36:227][190]LogDirectoryWatcher: A directory notification for '../../../Engine/Plugins/Media/MediaCompositing/Content/' was aborted.
[2018.01.02-02.30.36:227][190]LogDirectoryWatcher: A directory notification for '../../../Engine/Plugins/Runtime/AppleARKit/Content/' was aborted.
[2018.01.02-02.30.36:227][190]LogDirectoryWatcher: A directory notification for '../../../Engine/Plugins/Runtime/Oculus/OculusVR/Content/' was aborted.
[2018.01.02-02.30.36:227][190]LogDirectoryWatcher: A directory notification for '../../../Engine/Plugins/Runtime/Steam/SteamVR/Content/' was aborted.
[2018.01.02-02.30.36:290][190]LogExit: Object subsystem successfully closed.
[2018.01.02-02.30.36:315][190]LogD3D11RHI: Shutdown
[2018.01.02-02.30.36:315][190]LogD3D11RHI: CleanupD3DDevice
[2018.01.02-02.30.36:317][190]LogD3D11RHI: ~FD3D11DynamicRHI
[2018.01.02-02.30.36:328][190]LogModuleManager: Shutting down and abandoning module HierarchicalLODOutliner (552)
[2018.01.02-02.30.36:328][190]LogModuleManager: Shutting down and abandoning module SceneOutliner (550)
[2018.01.02-02.30.36:328][190]LogModuleManager: Shutting down and abandoning module AddContentDialog (548)
[2018.01.02-02.30.36:328][190]LogDirectoryWatcher: A directory notification for 'F:/UE_4.18/FeaturePacks/' was aborted.
[2018.01.02-02.30.36:329][190]LogModuleManager: Shutting down and abandoning module WidgetCarousel (547)
[2018.01.02-02.30.36:330][190]LogModuleManager: Shutting down and abandoning module EditorWidgets (544)
[2018.01.02-02.30.36:330][190]LogModuleManager: Shutting down and abandoning module CollectionManager (542)
[2018.01.02-02.30.36:330][190]LogDirectoryWatcher: A directory notification for 'E:/UE4Project/Game/Content/Collections/' was aborted.
[2018.01.02-02.30.36:330][190]LogDirectoryWatcher: A directory notification for 'E:/UE4Project/Game/Content/Developers/Lwc/Collections/' was aborted.
[2018.01.02-02.30.36:330][190]LogDirectoryWatcher: A directory notification for 'E:/UE4Project/Game/Saved/Collections/' was aborted.
[2018.01.02-02.30.36:330][190]LogModuleManager: Shutting down and abandoning module HierarchicalLODUtilities (540)
[2018.01.02-02.30.36:330][190]LogModuleManager: Shutting down and abandoning module StatsViewer (538)
[2018.01.02-02.30.36:330][190]LogModuleManager: Shutting down and abandoning module FoliageEdit (536)
[2018.01.02-02.30.36:330][190]LogModuleManager: Shutting down and abandoning module LandscapeEditor (534)
[2018.01.02-02.30.36:331][190]LogModuleManager: Shutting down and abandoning module MeshPaintMode (532)
[2018.01.02-02.30.36:331][190]LogModuleManager: Shutting down and abandoning module SceneDepthPickerMode (530)
[2018.01.02-02.30.36:331][190]LogModuleManager: Shutting down and abandoning module ActorPickerMode (528)
[2018.01.02-02.30.36:331][190]LogModuleManager: Shutting down and abandoning module GeometryMode (526)
[2018.01.02-02.30.36:331][190]LogModuleManager: Shutting down and abandoning module TextureAlignMode (524)
[2018.01.02-02.30.36:331][190]LogModuleManager: Shutting down and abandoning module BspMode (522)
[2018.01.02-02.30.36:331][190]LogModuleManager: Shutting down and abandoning module PIEPreviewDeviceProfileSelector (520)
[2018.01.02-02.30.36:331][190]LogModuleManager: Shutting down and abandoning module HardwareSurvey (518)
[2018.01.02-02.30.36:331][190]LogModuleManager: Shutting down and abandoning module SequenceRecorderSections (516)
[2018.01.02-02.30.36:331][190]LogModuleManager: Shutting down and abandoning module AutomationWorker (514)
[2018.01.02-02.30.36:331][190]LogModuleManager: Shutting down and abandoning module MatineeToLevelSequence (512)
[2018.01.02-02.30.36:331][190]LogModuleManager: Shutting down and abandoning module LevelSequenceEditor (510)
[2018.01.02-02.30.36:331][190]LogModuleManager: Shutting down and abandoning module PlacementMode (509)
[2018.01.02-02.30.36:331][190]LogModuleManager: Shutting down and abandoning module WmfMediaFactory (506)
[2018.01.02-02.30.36:331][190]LogModuleManager: Shutting down and abandoning module WmfMediaEditor (504)
[2018.01.02-02.30.36:331][190]LogModuleManager: Shutting down and abandoning module OpenExrWrapper (502)
[2018.01.02-02.30.36:331][190]LogModuleManager: Shutting down and abandoning module ImgMediaFactory (500)
[2018.01.02-02.30.36:331][190]LogModuleManager: Shutting down and abandoning module ImgMediaEditor (498)
[2018.01.02-02.30.36:331][190]LogModuleManager: Shutting down and abandoning module AvfMediaFactory (496)
[2018.01.02-02.30.36:331][190]LogModuleManager: Shutting down and abandoning module AvfMediaEditor (494)
[2018.01.02-02.30.36:332][190]LogModuleManager: Shutting down and abandoning module AndroidMediaFactory (492)
[2018.01.02-02.30.36:332][190]LogModuleManager: Shutting down and abandoning module AndroidMediaEditor (490)
[2018.01.02-02.30.36:332][190]LogModuleManager: Shutting down and abandoning module CharacterAI (488)
[2018.01.02-02.30.36:332][190]LogModuleManager: Shutting down and abandoning module AudioCapture (486)
[2018.01.02-02.30.36:332][190]LogModuleManager: Shutting down and abandoning module SequenceRecorder (485)
[2018.01.02-02.30.36:332][190]LogModuleManager: Shutting down and abandoning module SmartSnapping (482)
[2018.01.02-02.30.36:332][190]LogModuleManager: Shutting down and abandoning module SessionServices (480)
[2018.01.02-02.30.36:332][190]LogModuleManager: Shutting down and abandoning module ViewportSnapping (478)
[2018.01.02-02.30.36:332][190]LogModuleManager: Shutting down and abandoning module ViewportInteraction (476)
[2018.01.02-02.30.36:332][190]LogModuleManager: Shutting down and abandoning module ClothPainter (474)
[2018.01.02-02.30.36:332][190]LogModuleManager: Shutting down and abandoning module SkeletalMeshEditor (473)
[2018.01.02-02.30.36:332][190]LogModuleManager: Shutting down and abandoning module LogVisualizer (470)
[2018.01.02-02.30.36:332][190]LogModuleManager: Shutting down and abandoning module IntroTutorials (468)
[2018.01.02-02.30.36:332][190]LogModuleManager: Shutting down and abandoning module GameProjectGeneration (467)
[2018.01.02-02.30.36:332][190]LogModuleManager: Shutting down and abandoning module IOSPlatformEditor (464)
[2018.01.02-02.30.36:332][190]LogModuleManager: Shutting down and abandoning module HTML5PlatformEditor (462)
[2018.01.02-02.30.36:332][190]LogModuleManager: Shutting down and abandoning module AndroidPlatformEditor (460)
[2018.01.02-02.30.36:332][190]LogModuleManager: Shutting down and abandoning module AndroidDeviceDetection (459)
[2018.01.02-02.30.37:061][190]LogModuleManager: Shutting down and abandoning module WindowsPlatformEditor (456)
[2018.01.02-02.30.37:061][190]LogModuleManager: Shutting down and abandoning module IOSRuntimeSettings (454)
[2018.01.02-02.30.37:061][190]LogModuleManager: Shutting down and abandoning module AndroidRuntimeSettings (452)
[2018.01.02-02.30.37:061][190]LogModuleManager: Shutting down and abandoning module InputBindingEditor (450)
[2018.01.02-02.30.37:061][190]LogModuleManager: Shutting down and abandoning module MergeActors (448)
[2018.01.02-02.30.37:061][190]LogModuleManager: Shutting down and abandoning module SizeMap (446)
[2018.01.02-02.30.37:061][190]LogModuleManager: Shutting down and abandoning module TreeMap (444)
[2018.01.02-02.30.37:061][190]LogModuleManager: Shutting down and abandoning module ReferenceViewer (442)
[2018.01.02-02.30.37:061][190]LogModuleManager: Shutting down and abandoning module LocalizationDashboard (440)
[2018.01.02-02.30.37:061][190]LogModuleManager: Shutting down and abandoning module LocalizationService (439)
[2018.01.02-02.30.37:062][190]LogModuleManager: Shutting down and abandoning module HardwareTargeting (436)
[2018.01.02-02.30.37:062][190]LogModuleManager: Shutting down and abandoning module DeviceProfileEditor (434)
[2018.01.02-02.30.37:062][190]LogModuleManager: Shutting down and abandoning module UndoHistory (432)
[2018.01.02-02.30.37:062][190]LogModuleManager: Shutting down and abandoning module XmlParser (430)
[2018.01.02-02.30.37:062][190]LogModuleManager: Shutting down and abandoning module Blutility (428)
[2018.01.02-02.30.37:062][190]LogModuleManager: Shutting down and abandoning module ProjectSettingsViewer (426)
[2018.01.02-02.30.37:062][190]LogModuleManager: Shutting down and abandoning module ProjectTargetPlatformEditor (425)
[2018.01.02-02.30.37:062][190]LogModuleManager: Shutting down and abandoning module EditorSettingsViewer (422)
[2018.01.02-02.30.37:062][190]LogModuleManager: Shutting down and abandoning module SettingsEditor (420)
[2018.01.02-02.30.37:062][190]LogModuleManager: Shutting down and abandoning module ProjectLauncher (418)
[2018.01.02-02.30.37:062][190]LogModuleManager: Shutting down and abandoning module SessionFrontend (416)
[2018.01.02-02.30.37:062][190]LogModuleManager: Shutting down and abandoning module ProfilerClient (414)
[2018.01.02-02.30.37:062][190]LogModuleManager: Shutting down and abandoning module DeviceManager (412)
[2018.01.02-02.30.37:062][190]LogModuleManager: Shutting down and abandoning module TargetDeviceServices (411)
[2018.01.02-02.30.37:105][190]LogModuleManager: Shutting down and abandoning module AutomationController (408)
[2018.01.02-02.30.37:105][190]LogModuleManager: Shutting down and abandoning module AutomationWindow (406)
[2018.01.02-02.30.37:105][190]LogModuleManager: Shutting down and abandoning module Layers (404)
[2018.01.02-02.30.37:105][190]LogModuleManager: Shutting down and abandoning module ComponentVisualizers (402)
[2018.01.02-02.30.37:105][190]LogModuleManager: Shutting down and abandoning module DetailCustomizations (400)
[2018.01.02-02.30.37:105][190]LogModuleManager: Shutting down and abandoning module PackagesDialog (398)
[2018.01.02-02.30.37:105][190]LogModuleManager: Shutting down and abandoning module Persona (396)
[2018.01.02-02.30.37:105][190]LogModuleManager: Shutting down and abandoning module AdvancedPreviewScene (395)
[2018.01.02-02.30.37:105][190]LogModuleManager: Shutting down and abandoning module AnimGraph (393)
[2018.01.02-02.30.37:105][190]LogModuleManager: Shutting down and abandoning module Kismet (390)
[2018.01.02-02.30.37:106][190]LogModuleManager: Shutting down and abandoning module ClassViewer (388)
[2018.01.02-02.30.37:106][190]LogModuleManager: Shutting down and abandoning module Toolbox (386)
[2018.01.02-02.30.37:106][190]LogModuleManager: Shutting down and abandoning module ModuleUI (384)
[2018.01.02-02.30.37:106][190]LogModuleManager: Shutting down and abandoning module MovieSceneTools (382)
[2018.01.02-02.30.37:106][190]LogModuleManager: Shutting down and abandoning module OutputLog (380)
[2018.01.02-02.30.37:106][190]LogModuleManager: Shutting down and abandoning module GammaUI (378)
[2018.01.02-02.30.37:106][190]LogModuleManager: Shutting down and abandoning module Documentation (376)
[2018.01.02-02.30.37:106][190]LogModuleManager: Shutting down and abandoning module MovieSceneTracks (374)
[2018.01.02-02.30.37:106][190]LogModuleManager: Shutting down and abandoning module MovieScene (372)
[2018.01.02-02.30.37:106][190]LogModuleManager: Shutting down and abandoning module StreamingPauseRendering (370)
[2018.01.02-02.30.37:106][190]LogModuleManager: Shutting down and abandoning module LauncherPlatform (368)
[2018.01.02-02.30.37:106][190]LogModuleManager: Shutting down and abandoning module AnalyticsET (366)
[2018.01.02-02.30.37:106][190]LogModuleManager: Shutting down and abandoning module PortalServices (364)
[2018.01.02-02.30.37:106][190]LogModuleManager: Shutting down and abandoning module PortalRpc (362)
[2018.01.02-02.30.37:106][190]LogModuleManager: Shutting down and abandoning module MessagingRpc (360)
[2018.01.02-02.30.37:106][190]LogModuleManager: Shutting down and abandoning module AIModule (358)
[2018.01.02-02.30.37:106][190]LogModuleManager: Shutting down and abandoning module GameplayDebugger (357)
[2018.01.02-02.30.37:106][190]LogModuleManager: Shutting down and abandoning module AITestSuite (355)
[2018.01.02-02.30.37:106][190]LogModuleManager: Shutting down and abandoning module ProfilerService (352)
[2018.01.02-02.30.37:221][190]LogModuleManager: Shutting down and abandoning module TaskGraph (350)
[2018.01.02-02.30.37:221][190]LogModuleManager: Shutting down and abandoning module SteamVRController (348)
[2018.01.02-02.30.37:221][190]LogModuleManager: Shutting down and abandoning module ProceduralMeshComponentEditor (346)
[2018.01.02-02.30.37:221][190]LogModuleManager: Shutting down and abandoning module ProceduralMeshComponent (344)
[2018.01.02-02.30.37:221][190]LogModuleManager: Shutting down and abandoning module OculusInput (342)
[2018.01.02-02.30.37:221][190]LogModuleManager: Shutting down and abandoning module MobilePatchingUtils (340)
[2018.01.02-02.30.37:221][190]LogModuleManager: Shutting down and abandoning module CustomMeshComponent (338)
[2018.01.02-02.30.37:221][190]LogModuleManager: Shutting down and abandoning module CableComponent (336)
[2018.01.02-02.30.37:221][190]LogModuleManager: Shutting down and abandoning module ArchVisCharacter (334)
[2018.01.02-02.30.37:221][190]LogModuleManager: Shutting down and abandoning module AndroidPermission (332)
[2018.01.02-02.30.37:221][190]LogModuleManager: Shutting down and abandoning module ActorSequence (328)
[2018.01.02-02.30.37:221][190]LogModuleManager: Shutting down and abandoning module MediaPlayerEditor (326)
[2018.01.02-02.30.37:221][190]LogModuleManager: Shutting down and abandoning module MediaCompositingEditor (324)
[2018.01.02-02.30.37:221][190]LogModuleManager: Shutting down and abandoning module MediaCompositing (322)
[2018.01.02-02.30.37:221][190]LogModuleManager: Shutting down and abandoning module HTML5Networking (320)
[2018.01.02-02.30.37:221][190]LogModuleManager: Shutting down and abandoning module AlembicImporter (318)
[2018.01.02-02.30.37:221][190]LogModuleManager: Shutting down and abandoning module AlembicLibrary (317)
[2018.01.02-02.30.37:221][190]LogModuleManager: Shutting down and abandoning module GeometryCache (316)
[2018.01.02-02.30.37:221][190]LogModuleManager: Shutting down and abandoning module GeometryCacheEd (315)
[2018.01.02-02.30.37:221][190]LogModuleManager: Shutting down and abandoning module SpeedTreeImporter (310)
[2018.01.02-02.30.37:222][190]LogModuleManager: Shutting down and abandoning module PluginBrowser (308)
[2018.01.02-02.30.37:222][190]LogModuleManager: Shutting down and abandoning module MobileLauncherProfileWizard (306)
[2018.01.02-02.30.37:222][190]LogModuleManager: Shutting down and abandoning module VisualStudioSourceCodeAccess (304)
[2018.01.02-02.30.37:222][190]LogModuleManager: Shutting down and abandoning module VisualStudioCodeSourceCodeAccess (302)
[2018.01.02-02.30.37:222][190]LogModuleManager: Shutting down and abandoning module UObjectPlugin (300)
[2018.01.02-02.30.37:222][190]LogModuleManager: Shutting down and abandoning module SubversionSourceControl (298)
[2018.01.02-02.30.37:222][190]LogModuleManager: Shutting down and abandoning module PerforceSourceControl (296)
[2018.01.02-02.30.37:222][190]LogModuleManager: Shutting down and abandoning module GitSourceControl (294)
[2018.01.02-02.30.37:222][190]LogModuleManager: Shutting down and abandoning module SourceControl (293)
[2018.01.02-02.30.37:222][190]LogModuleManager: Shutting down and abandoning module LightPropagationVolumeEditor (290)
[2018.01.02-02.30.37:222][190]LogModuleManager: Shutting down and abandoning module PaperTiledImporter (288)
[2018.01.02-02.30.37:222][190]LogModuleManager: Shutting down and abandoning module PaperSpriteSheetImporter (286)
[2018.01.02-02.30.37:222][190]LogModuleManager: Shutting down and abandoning module Paper2DEditor (284)
[2018.01.02-02.30.37:222][190]LogModuleManager: Shutting down and abandoning module MeshPaint (283)
[2018.01.02-02.30.37:222][190]LogModuleManager: Shutting down and abandoning module LevelEditor (281)
[2018.01.02-02.30.37:223][190]LogModuleManager: Shutting down and abandoning module PixelInspectorModule (280)
[2018.01.02-02.30.37:223][190]LogModuleManager: Shutting down and abandoning module MainFrame (278)
[2018.01.02-02.30.37:224][190]LogModuleManager: Shutting down and abandoning module HotReload (277)
[2018.01.02-02.30.37:224][190]LogDirectoryWatcher: A directory notification for 'E:/UE4Project/Game/Binaries/Win64' was aborted.
[2018.01.02-02.30.37:224][190]LogModuleManager: Shutting down and abandoning module Game (272)
[2018.01.02-02.30.37:224][190]LogModuleManager: Shutting down and abandoning module RuntimePhysXCooking (270)
[2018.01.02-02.30.37:224][190]LogModuleManager: Shutting down and abandoning module PhysXVehiclesEditor (268)
[2018.01.02-02.30.37:224][190]LogModuleManager: Shutting down and abandoning module PhysXVehicles (266)
[2018.01.02-02.30.37:224][190]LogModuleManager: Shutting down and abandoning module OculusEditor (264)
[2018.01.02-02.30.37:225][190]LogModuleManager: Shutting down and abandoning module LocationServicesBPLibrary (262)
[2018.01.02-02.30.37:225][190]LogModuleManager: Shutting down and abandoning module ImmediatePhysicsEditor (260)
[2018.01.02-02.30.37:225][190]LogModuleManager: Shutting down and abandoning module ImmediatePhysics (258)
[2018.01.02-02.30.37:225][190]LogModuleManager: Shutting down and abandoning module UdpMessaging (256)
[2018.01.02-02.30.37:325][190]LogModuleManager: Shutting down and abandoning module TcpMessaging (254)
[2018.01.02-02.30.37:426][190]LogModuleManager: Shutting down and abandoning module GameplayTagsEditor (252)
[2018.01.02-02.30.37:426][190]LogModuleManager: Shutting down and abandoning module FacialAnimationEditor (250)
[2018.01.02-02.30.37:426][190]LogModuleManager: Shutting down and abandoning module FacialAnimation (248)
[2018.01.02-02.30.37:426][190]LogModuleManager: Shutting down and abandoning module AssetManagerEditor (246)
[2018.01.02-02.30.37:426][190]LogModuleManager: Shutting down and abandoning module GraphEditor (245)
[2018.01.02-02.30.37:426][190]LogModuleManager: Shutting down and abandoning module ContentBrowser (243)
[2018.01.02-02.30.37:428][190]LogModuleManager: Shutting down and abandoning module LightPropagationVolumeRuntime (240)
[2018.01.02-02.30.37:428][190]LogModuleManager: Shutting down and abandoning module Paper2D (238)
[2018.01.02-02.30.37:428][190]LogModuleManager: Shutting down and abandoning module WindowsMoviePlayer (236)
[2018.01.02-02.30.37:428][190]LogModuleManager: Shutting down and abandoning module WmfMedia (234)
[2018.01.02-02.30.37:436][190]LogModuleManager: Shutting down and abandoning module ImgMedia (232)
[2018.01.02-02.30.37:436][190]LogModuleManager: Shutting down and abandoning module PacketHandler (230)
[2018.01.02-02.30.37:436][190]LogModuleManager: Shutting down and abandoning module ClothingSystemEditor (228)
[2018.01.02-02.30.37:436][190]LogModuleManager: Shutting down and abandoning module ClothingSystemRuntime (226)
[2018.01.02-02.30.37:437][190]LogModuleManager: Shutting down and abandoning module MediaAssets (224)
[2018.01.02-02.30.37:437][190]LogModuleManager: Shutting down and abandoning module Media (223)
[2018.01.02-02.30.37:443][190]LogModuleManager: Shutting down and abandoning module Overlay (220)
[2018.01.02-02.30.37:443][190]LogModuleManager: Shutting down and abandoning module OverlayEditor (219)
[2018.01.02-02.30.37:443][190]LogModuleManager: Shutting down and abandoning module VREditor (216)
[2018.01.02-02.30.37:443][190]LogModuleManager: Shutting down and abandoning module StringTableEditor (214)
[2018.01.02-02.30.37:443][190]LogModuleManager: Shutting down and abandoning module GameplayTasksEditor (212)
[2018.01.02-02.30.37:443][190]LogModuleManager: Shutting down and abandoning module BehaviorTreeEditor (210)
[2018.01.02-02.30.37:443][190]LogModuleManager: Shutting down and abandoning module FunctionalTesting (208)
[2018.01.02-02.30.37:443][190]LogModuleManager: Shutting down and abandoning module CollisionAnalyzer (206)
[2018.01.02-02.30.37:443][190]LogModuleManager: Shutting down and abandoning module WorkspaceMenuStructure (205)
[2018.01.02-02.30.37:443][190]LogModuleManager: Shutting down and abandoning module UMG (202)
[2018.01.02-02.30.37:443][190]LogModuleManager: Shutting down and abandoning module UMGEditor (201)
[2018.01.02-02.30.37:443][190]LogModuleManager: Shutting down and abandoning module Sequencer (200)
[2018.01.02-02.30.37:443][190]LogModuleManager: Shutting down and abandoning module MessageLog (197)
[2018.01.02-02.30.37:443][190]LogModuleManager: Shutting down and abandoning module SlateReflector (192)
[2018.01.02-02.30.37:444][190]LogModuleManager: Shutting down and abandoning module Slate (190)
[2018.01.02-02.30.37:444][190]LogModuleManager: Shutting down and abandoning module EditorStyle (188)
[2018.01.02-02.30.37:447][190]LogModuleManager: Shutting down and abandoning module MRMesh (186)
[2018.01.02-02.30.37:447][190]LogModuleManager: Shutting down and abandoning module SourceCodeAccess (184)
[2018.01.02-02.30.37:447][190]LogModuleManager: Shutting down and abandoning module HeadMountedDisplay (182)
[2018.01.02-02.30.37:447][190]LogModuleManager: Shutting down and abandoning module XAudio2 (180)
[2018.01.02-02.30.37:447][190]LogModuleManager: Shutting down and abandoning module Networking (178)
[2018.01.02-02.30.37:447][190]LogModuleManager: Shutting down and abandoning module Core (174)
[2018.01.02-02.30.37:447][190]LogModuleManager: Shutting down and abandoning module LevelSequence (170)
[2018.01.02-02.30.37:447][190]LogModuleManager: Shutting down and abandoning module DirectoryWatcher (168)
[2018.01.02-02.30.37:449][190]LogModuleManager: Shutting down and abandoning module KismetCompiler (166)
[2018.01.02-02.30.37:449][190]LogModuleManager: Shutting down and abandoning module MeshUtilities (164)
[2018.01.02-02.30.37:449][190]LogModuleManager: Shutting down and abandoning module MeshMergeUtilities (163)
[2018.01.02-02.30.37:449][190]LogModuleManager: Shutting down and abandoning module MeshReductionInterface (162)
[2018.01.02-02.30.37:449][190]LogModuleManager: Shutting down and abandoning module SimplygonSwarm (161)
[2018.01.02-02.30.37:449][190]LogModuleManager: Shutting down and abandoning module SimplygonMeshReduction (159)
[2018.01.02-02.30.37:449][190]LogModuleManager: Shutting down and abandoning module QuadricMeshReduction (157)
[2018.01.02-02.30.37:449][190]LogModuleManager: Shutting down and abandoning module MaterialBaking (153)
[2018.01.02-02.30.37:449][190]LogModuleManager: Shutting down and abandoning module DerivedDataCache (150)
[2018.01.02-02.30.37:475][190]LogDerivedDataCache: Shutdown
[2018.01.02-02.30.37:475][190]LogModuleManager: Shutting down and abandoning module TargetPlatform (148)
[2018.01.02-02.30.37:475][190]LogModuleManager: Shutting down and abandoning module VulkanShaderFormat (147)
[2018.01.02-02.30.37:475][190]LogModuleManager: Shutting down and abandoning module ShaderFormatVectorVM (145)
[2018.01.02-02.30.37:475][190]LogModuleManager: Shutting down and abandoning module ShaderFormatOpenGL (143)
[2018.01.02-02.30.37:475][190]LogModuleManager: Shutting down and abandoning module ShaderFormatD3D (141)
[2018.01.02-02.30.37:475][190]LogModuleManager: Shutting down and abandoning module MetalShaderFormat (139)
[2018.01.02-02.30.37:475][190]LogModuleManager: Shutting down and abandoning module TextureFormatUncompressed (137)
[2018.01.02-02.30.37:476][190]LogModuleManager: Shutting down and abandoning module TextureFormatPVR (135)
[2018.01.02-02.30.37:476][190]LogModuleManager: Shutting down and abandoning module TextureFormatDXT (133)
[2018.01.02-02.30.37:476][190]LogModuleManager: Shutting down and abandoning module TextureFormatIntelISPCTexComp (131)
[2018.01.02-02.30.37:476][190]LogModuleManager: Shutting down and abandoning module TextureFormatASTC (129)
[2018.01.02-02.30.37:476][190]LogModuleManager: Shutting down and abandoning module ImageWrapper (128)
[2018.01.02-02.30.37:476][190]LogModuleManager: Shutting down and abandoning module TextureFormatAndroid (125)
[2018.01.02-02.30.37:476][190]LogModuleManager: Shutting down and abandoning module AudioFormatOpus (123)
[2018.01.02-02.30.37:476][190]LogModuleManager: Shutting down and abandoning module AudioFormatOgg (121)
[2018.01.02-02.30.37:476][190]LogModuleManager: Shutting down and abandoning module AudioFormatADPCM (119)
[2018.01.02-02.30.37:476][190]LogModuleManager: Shutting down and abandoning module LinuxTargetPlatform (117)
[2018.01.02-02.30.37:476][190]LogModuleManager: Shutting down and abandoning module LinuxServerTargetPlatform (115)
[2018.01.02-02.30.37:476][190]LogModuleManager: Shutting down and abandoning module LinuxNoEditorTargetPlatform (113)
[2018.01.02-02.30.37:476][190]LogModuleManager: Shutting down and abandoning module LinuxClientTargetPlatform (111)
[2018.01.02-02.30.37:476][190]LogModuleManager: Shutting down and abandoning module TVOSTargetPlatform (109)
[2018.01.02-02.30.37:476][190]LogModuleManager: Shutting down and abandoning module Messaging (107)
[2018.01.02-02.30.37:476][190]LogModuleManager: Shutting down and abandoning module IOSTargetPlatform (105)
[2018.01.02-02.30.37:476][190]LogModuleManager: Shutting down and abandoning module HTML5TargetPlatform (103)
[2018.01.02-02.30.37:476][190]LogModuleManager: Shutting down and abandoning module AndroidTargetPlatform (101)
[2018.01.02-02.30.37:476][190]LogModuleManager: Shutting down and abandoning module Android_PVRTCTargetPlatform (99)
[2018.01.02-02.30.37:476][190]LogModuleManager: Shutting down and abandoning module Android_MultiTargetPlatform (97)
[2018.01.02-02.30.37:476][190]LogModuleManager: Shutting down and abandoning module Android_ETC2TargetPlatform (95)
[2018.01.02-02.30.37:476][190]LogModuleManager: Shutting down and abandoning module Android_ETC1TargetPlatform (93)
[2018.01.02-02.30.37:476][190]LogModuleManager: Shutting down and abandoning module Android_DXTTargetPlatform (91)
[2018.01.02-02.30.37:476][190]LogModuleManager: Shutting down and abandoning module Android_ATCTargetPlatform (89)
[2018.01.02-02.30.37:476][190]LogModuleManager: Shutting down and abandoning module Android_ASTCTargetPlatform (87)
[2018.01.02-02.30.37:476][190]LogModuleManager: Shutting down and abandoning module WindowsTargetPlatform (85)
[2018.01.02-02.30.37:476][190]LogModuleManager: Shutting down and abandoning module WindowsServerTargetPlatform (83)
[2018.01.02-02.30.37:477][190]LogModuleManager: Shutting down and abandoning module WindowsNoEditorTargetPlatform (81)
[2018.01.02-02.30.37:477][190]LogModuleManager: Shutting down and abandoning module WindowsClientTargetPlatform (79)
[2018.01.02-02.30.37:477][190]LogModuleManager: Shutting down and abandoning module MacTargetPlatform (77)
[2018.01.02-02.30.37:477][190]LogModuleManager: Shutting down and abandoning module MacServerTargetPlatform (75)
[2018.01.02-02.30.37:477][190]LogModuleManager: Shutting down and abandoning module MacNoEditorTargetPlatform (73)
[2018.01.02-02.30.37:477][190]LogModuleManager: Shutting down and abandoning module MacClientTargetPlatform (71)
[2018.01.02-02.30.37:477][190]LogModuleManager: Shutting down and abandoning module AllDesktopTargetPlatform (69)
[2018.01.02-02.30.37:477][190]LogModuleManager: Shutting down and abandoning module InputCore (66)
[2018.01.02-02.30.37:477][190]LogModuleManager: Shutting down and abandoning module Settings (64)
[2018.01.02-02.30.37:477][190]LogModuleManager: Shutting down and abandoning module PhysXCooking (62)
[2018.01.02-02.30.37:477][190]LogModuleManager: Shutting down and abandoning module SteamVR (60)
[2018.01.02-02.30.37:477][190]LogModuleManager: Shutting down and abandoning module OculusHMD (58)
[2018.01.02-02.30.37:477][190]LogModuleManager: Shutting down and abandoning module ExampleDeviceProfileSelector (56)
[2018.01.02-02.30.37:477][190]LogModuleManager: Shutting down and abandoning module AppleARKit (54)
[2018.01.02-02.30.37:477][190]LogModuleManager: Shutting down and abandoning module AugmentedReality (53)
[2018.01.02-02.30.37:477][190]LogModuleManager: Shutting down and abandoning module OnlineBlueprintSupport (50)
[2018.01.02-02.30.37:477][190]LogModuleManager: Shutting down and abandoning module OnlineSubsystem (46)
[2018.01.02-02.30.37:477][190]LogModuleManager: Shutting down and abandoning module XMPP (45)
[2018.01.02-02.30.37:477][190]LogModuleManager: Shutting down and abandoning module HTTP (43)
[2018.01.02-02.30.37:477][190]LogHttp: Display: Http module shutting down, but needs to wait on 2 outstanding Http requests:
[2018.01.02-02.30.37:477][190]LogHttp: Display: 	verb=[POST] url=[https://datarouter.ol.epicgames.com/datarouter/api/v1/public/data?SessionID=%7B171B3A01-4382-6077-8F5D-6CB2445F78AF%7D&AppID=UEEditor.Rocket.Release&AppVersion=4.18.2-3794801%2B%2B%2BUE4%2BRelease-4.18&UserID=47112d8440372b762375caac62d596fc%7Cebccbdc0ce084c9186b7077470c27d12%7C9ab30144-ed2f-4861-9290-d9919757703a&AppEnvironment=datacollector-binary&UploadType=eteventstream] status=Processing
[2018.01.02-02.30.37:477][190]LogHttp: Display: 	verb=[POST] url=[https://datarouter.ol.epicgames.com/datarouter/api/v1/public/data?SessionID=%7B171B3A01-4382-6077-8F5D-6CB2445F78AF%7D&AppID=UEEditor.Rocket.Release&AppVersion=4.18.2-3794801%2B%2B%2BUE4%2BRelease-4.18&UserID=47112d8440372b762375caac62d596fc%7Cebccbdc0ce084c9186b7077470c27d12%7C9ab30144-ed2f-4861-9290-d9919757703a&AppEnvironment=datacollector-binary&UploadType=eteventstream] status=Processing
[2018.01.02-02.30.37:477][190]LogHttp: Display: Sleeping 0.5s to wait for 1 outstanding Http requests.
[2018.01.02-02.30.37:978][190]LogHttp: Display: Sleeping 0.5s to wait for 1 outstanding Http requests.
[2018.01.02-02.30.38:478][190]LogHttp: Display: Sleeping 0.5s to wait for 1 outstanding Http requests.
[2018.01.02-02.30.38:979][190]LogHttp: Display: Sleeping 0.5s to wait for 1 outstanding Http requests.
[2018.01.02-02.30.39:479][190]LogHttp: Display: Sleeping 0.5s to wait for 1 outstanding Http requests.
[2018.01.02-02.30.39:980][190]LogHttp: Display: Sleeping 0.5s to wait for 1 outstanding Http requests.
[2018.01.02-02.30.40:481][190]LogHttp: Display: Sleeping 0.5s to wait for 1 outstanding Http requests.
[2018.01.02-02.30.40:981][190]LogHttp: Display: Sleeping 0.5s to wait for 1 outstanding Http requests.
[2018.01.02-02.30.41:482][190]LogHttp: Display: Sleeping 0.5s to wait for 1 outstanding Http requests.
[2018.01.02-02.30.41:982][190]LogHttp: Display: Sleeping 0.5s to wait for 1 outstanding Http requests.
[2018.01.02-02.30.42:482][190]LogHttp: Display: Sleeping 0.5s to wait for 1 outstanding Http requests.
[2018.01.02-02.30.42:982][190]LogHttp: Display: Sleeping 0.5s to wait for 1 outstanding Http requests.
[2018.01.02-02.30.43:483][190]LogHttp: Display: Sleeping 0.5s to wait for 1 outstanding Http requests.
[2018.01.02-02.30.43:983][190]LogHttp: Display: Sleeping 0.5s to wait for 1 outstanding Http requests.
[2018.01.02-02.30.44:484][190]LogHttp: Display: Sleeping 0.5s to wait for 1 outstanding Http requests.
[2018.01.02-02.30.44:984][190]LogHttp: Display: Sleeping 0.5s to wait for 1 outstanding Http requests.
[2018.01.02-02.30.45:484][190]LogHttp: Display: Sleeping 0.5s to wait for 1 outstanding Http requests.
[2018.01.02-02.30.45:985][190]LogHttp: Display: Sleeping 0.5s to wait for 1 outstanding Http requests.
[2018.01.02-02.30.46:485][190]LogHttp: Display: Sleeping 0.5s to wait for 1 outstanding Http requests.
[2018.01.02-02.30.46:986][190]LogHttp: Display: Sleeping 0.5s to wait for 1 outstanding Http requests.
[2018.01.02-02.30.47:486][190]LogHttp: Display: Sleeping 0.5s to wait for 1 outstanding Http requests.
[2018.01.02-02.30.47:987][190]LogHttp: Display: Sleeping 0.5s to wait for 1 outstanding Http requests.
[2018.01.02-02.30.48:487][190]LogHttp: Display: Sleeping 0.5s to wait for 1 outstanding Http requests.
[2018.01.02-02.30.48:988][190]LogHttp: Display: Sleeping 0.5s to wait for 1 outstanding Http requests.
[2018.01.02-02.30.49:488][190]LogHttp: Display: Sleeping 0.5s to wait for 1 outstanding Http requests.
[2018.01.02-02.30.49:989][190]LogHttp: Display: Sleeping 0.5s to wait for 1 outstanding Http requests.
[2018.01.02-02.30.50:490][190]LogHttp: Display: Sleeping 0.5s to wait for 1 outstanding Http requests.
[2018.01.02-02.30.50:990][190]LogHttp: Display: Sleeping 0.5s to wait for 1 outstanding Http requests.
[2018.01.02-02.30.51:491][190]LogHttp: Display: Sleeping 0.5s to wait for 1 outstanding Http requests.
[2018.01.02-02.30.51:991][190]LogHttp: Display: Sleeping 0.5s to wait for 1 outstanding Http requests.
[2018.01.02-02.30.52:492][190]LogHttp: Display: Sleeping 0.5s to wait for 1 outstanding Http requests.
[2018.01.02-02.30.52:992][190]LogHttp: Display: Sleeping 0.5s to wait for 1 outstanding Http requests.
[2018.01.02-02.30.53:493][190]LogHttp: Display: Sleeping 0.5s to wait for 1 outstanding Http requests.
[2018.01.02-02.30.54:003][190]LogModuleManager: Shutting down and abandoning module SSL (42)
[2018.01.02-02.30.54:006][190]LogModuleManager: Shutting down and abandoning module DesktopPlatform (38)
[2018.01.02-02.30.54:006][190]LogModuleManager: Shutting down and abandoning module AnimationModifiers (36)
[2018.01.02-02.30.54:006][190]LogModuleManager: Shutting down and abandoning module PropertyEditor (35)
[2018.01.02-02.30.54:006][190]LogModuleManager: Shutting down and abandoning module AudioEditor (32)
[2018.01.02-02.30.54:006][190]LogModuleManager: Shutting down and abandoning module TextureCompressor (30)
[2018.01.02-02.30.54:007][190]LogModuleManager: Shutting down and abandoning module ShaderCore (28)
[2018.01.02-02.30.54:007][190]LogModuleManager: Shutting down and abandoning module Landscape (26)
[2018.01.02-02.30.54:007][190]LogModuleManager: Shutting down and abandoning module SlateRHIRenderer (24)
[2018.01.02-02.30.54:009][190]LogModuleManager: Shutting down and abandoning module OpenGLDrv (22)
[2018.01.02-02.30.54:009][190]LogModuleManager: Shutting down and abandoning module D3D11RHI (20)
[2018.01.02-02.30.54:010][190]LogModuleManager: Shutting down and abandoning module AnimGraphRuntime (18)
[2018.01.02-02.30.54:010][190]LogModuleManager: Shutting down and abandoning module Renderer (16)
[2018.01.02-02.30.54:010][190]LogModuleManager: Shutting down and abandoning module Engine (14)
[2018.01.02-02.30.54:010][190]LogModuleManager: Shutting down and abandoning module CoreUObject (12)
[2018.01.02-02.30.54:010][190]LogModuleManager: Shutting down and abandoning module NetworkFile (10)
[2018.01.02-02.30.54:010][190]LogModuleManager: Shutting down and abandoning module CookedIterativeFile (8)
[2018.01.02-02.30.54:010][190]LogModuleManager: Shutting down and abandoning module StreamingFile (6)
[2018.01.02-02.30.54:010][190]LogModuleManager: Shutting down and abandoning module SandboxFile (4)
[2018.01.02-02.30.54:010][190]LogModuleManager: Shutting down and abandoning module PakFile (2)
[2018.01.02-02.30.54:017][190]LogExit: Exiting.
[2018.01.02-02.30.54:030][190]Log file closed, 01/02/18 10:30:54
